Java HotSpot(TM) 64-Bit Server VM (25.121-b13) for linux-amd64 JRE (1.8.0_121-b13), built on Dec 12 2016 16:36:53 by "java_re" with gcc 4.3.0 20080428 (Red Hat 4.3.0-8)
Memory: 4k page, physical 11996028k(4074840k free), swap 15637500k(14405960k free)
CommandLine flags: -XX:InitialHeapSize=2147483648 -XX:MaxGCPauseMillis=500 -XX:MaxHeapSize=2147483648 -XX:+PrintGC -XX:+PrintGCDateStamps -XX:+PrintGCDetails -XX:+PrintGCTimeStamps -XX:ThreadStackSize=512 -XX:+UseAdaptiveSizePolicy -XX:+UseCompressedClassPointers -XX:+UseCompressedOops -XX:+UseParallelOldGC 
2017-05-07T20:21:44.942+0800: 0.423: [GC (Allocation Failure) [PSYoungGen: 524800K->5113K(611840K)] 524800K->5121K(2010112K), 0.0036664 secs] [Times: user=0.01 sys=0.00, real=0.00 secs] 
2017-05-07T20:21:45.174+0800: 0.655: [GC (Allocation Failure) [PSYoungGen: 529913K->5045K(611840K)] 529921K->5053K(2010112K), 0.0036686 secs] [Times: user=0.01 sys=0.00, real=0.00 secs] 
2017-05-07T20:21:45.307+0800: 0.788: [GC (Allocation Failure) [PSYoungGen: 529845K->5087K(611840K)] 529853K->5095K(2010112K), 0.0028939 secs] [Times: user=0.01 sys=0.00, real=0.00 secs] 
2017-05-07T20:21:45.496+0800: 0.978: [GC (Allocation Failure) [PSYoungGen: 529887K->5039K(611840K)] 529895K->5047K(2010112K), 0.0021395 secs] [Times: user=0.00 sys=0.00, real=0.00 secs] 
2017-05-07T20:21:45.641+0800: 1.122: [GC (Allocation Failure) [PSYoungGen: 529839K->5081K(611840K)] 529847K->5089K(2010112K), 0.0030630 secs] [Times: user=0.00 sys=0.00, real=0.00 secs] 
2017-05-07T20:21:45.783+0800: 1.264: [GC (Allocation Failure) [PSYoungGen: 529841K->4986K(693248K)] 529849K->4994K(2091520K), 0.0050051 secs] [Times: user=0.00 sys=0.01, real=0.01 secs] 
2017-05-07T20:21:46.014+0800: 1.495: [GC (Allocation Failure) [PSYoungGen: 692602K->445K(688128K)] 692610K->5184K(2086400K), 0.0065957 secs] [Times: user=0.00 sys=0.00, real=0.00 secs] 
2017-05-07T20:21:46.199+0800: 1.680: [GC (Allocation Failure) [PSYoungGen: 688061K->360K(691200K)] 692800K->5107K(2089472K), 0.0012304 secs] [Times: user=0.00 sys=0.00, real=0.00 secs] 
2017-05-07T20:21:46.386+0800: 1.867: [GC (Allocation Failure) [PSYoungGen: 684904K->402K(691712K)] 689651K->5157K(2089984K), 0.0007020 secs] [Times: user=0.00 sys=0.00, real=0.01 secs] 
2017-05-07T20:21:46.598+0800: 2.080: [GC (Allocation Failure) [PSYoungGen: 684946K->318K(690688K)] 689701K->5081K(2088960K), 0.0009724 secs] [Times: user=0.00 sys=0.00, real=0.00 secs] 
2017-05-07T20:21:46.783+0800: 2.265: [GC (Allocation Failure) [PSYoungGen: 683838K->370K(691200K)] 688601K->5142K(2089472K), 0.0010843 secs] [Times: user=0.00 sys=0.00, real=0.00 secs] 
2017-05-07T20:21:46.979+0800: 2.460: [GC (Allocation Failure) [PSYoungGen: 683890K->487K(691200K)] 688662K->5258K(2089472K), 0.0007611 secs] [Times: user=0.00 sys=0.00, real=0.00 secs] 
2017-05-07T20:21:47.238+0800: 2.719: [GC (Allocation Failure) [PSYoungGen: 684007K->286K(691200K)] 688778K->5057K(2089472K), 0.0010784 secs] [Times: user=0.00 sys=0.00, real=0.00 secs] 
2017-05-07T20:21:47.425+0800: 2.906: [GC (Allocation Failure) [PSYoungGen: 683806K->233K(691712K)] 688577K->5004K(2089984K), 0.0008762 secs] [Times: user=0.00 sys=0.00, real=0.00 secs] 
2017-05-07T20:21:47.659+0800: 3.140: [GC (Allocation Failure) [PSYoungGen: 684197K->370K(691200K)] 688968K->5141K(2089472K), 0.0013696 secs] [Times: user=0.00 sys=0.00, real=0.00 secs] 
2017-05-07T20:21:47.835+0800: 3.316: [GC (Allocation Failure) [PSYoungGen: 684372K->328K(691712K)] 689143K->5099K(2089984K), 0.0016321 secs] [Times: user=0.00 sys=0.00, real=0.00 secs] 
2017-05-07T20:21:48.012+0800: 3.493: [GC (Allocation Failure) [PSYoungGen: 684872K->286K(691712K)] 689643K->5057K(2089984K), 0.0007405 secs] [Times: user=0.00 sys=0.00, real=0.00 secs] 
2017-05-07T20:21:48.172+0800: 3.653: [GC (Allocation Failure) [PSYoungGen: 684775K->466K(692224K)] 689546K->5238K(2090496K), 0.0006888 secs] [Times: user=0.00 sys=0.00, real=0.00 secs] 
2017-05-07T20:21:48.323+0800: 3.804: [GC (Allocation Failure) [PSYoungGen: 686034K->466K(692224K)] 690806K->5238K(2090496K), 0.0005209 secs] [Times: user=0.00 sys=0.00, real=0.00 secs] 
2017-05-07T20:21:48.475+0800: 3.956: [GC (Allocation Failure) [PSYoungGen: 686005K->509K(692736K)] 690776K->5280K(2091008K), 0.0005374 secs] [Times: user=0.00 sys=0.00, real=0.00 secs] 
2017-05-07T20:21:48.628+0800: 4.109: [GC (Allocation Failure) [PSYoungGen: 687097K->392K(692736K)] 691868K->5163K(2091008K), 0.0005066 secs] [Times: user=0.00 sys=0.00, real=0.00 secs] 
2017-05-07T20:21:48.779+0800: 4.261: [GC (Allocation Failure) [PSYoungGen: 686931K->466K(693248K)] 691702K->5238K(2091520K), 0.0006106 secs] [Times: user=0.00 sys=0.00, real=0.00 secs] 
2017-05-07T20:21:48.938+0800: 4.419: [GC (Allocation Failure) [PSYoungGen: 688061K->402K(693248K)] 692832K->5174K(2091520K), 0.0006410 secs] [Times: user=0.00 sys=0.00, real=0.00 secs] 
2017-05-07T20:21:49.090+0800: 4.571: [GC (Allocation Failure) [PSYoungGen: 688018K->392K(693760K)] 692790K->5163K(2092032K), 0.0005404 secs] [Times: user=0.01 sys=0.00, real=0.00 secs] 
2017-05-07T20:21:49.241+0800: 4.723: [GC (Allocation Failure) [PSYoungGen: 689032K->392K(693760K)] 693803K->5163K(2092032K), 0.0009496 secs] [Times: user=0.00 sys=0.00, real=0.00 secs] 
2017-05-07T20:21:49.392+0800: 4.874: [GC (Allocation Failure) [PSYoungGen: 689007K->360K(694272K)] 693778K->5131K(2092544K), 0.0005769 secs] [Times: user=0.00 sys=0.00, real=0.00 secs] 
2017-05-07T20:21:49.574+0800: 5.055: [GC (Allocation Failure) [PSYoungGen: 690024K->4566K(694272K)] 694795K->9421K(2092544K), 0.0013094 secs] [Times: user=0.00 sys=0.01, real=0.01 secs] 
2017-05-07T20:21:49.806+0800: 5.287: [GC (Allocation Failure) [PSYoungGen: 694230K->466K(693248K)] 699085K->9581K(2091520K), 0.0023030 secs] [Times: user=0.01 sys=0.00, real=0.01 secs] 
2017-05-07T20:21:49.996+0800: 5.477: [GC (Allocation Failure) [PSYoungGen: 689078K->382K(693760K)] 698192K->9596K(2092032K), 0.0005372 secs] [Times: user=0.00 sys=0.00, real=0.00 secs] 
2017-05-07T20:21:50.173+0800: 5.654: [GC (Allocation Failure) [PSYoungGen: 689022K->424K(694272K)] 698236K->9647K(2092544K), 0.0005489 secs] [Times: user=0.00 sys=0.00, real=0.00 secs] 
2017-05-07T20:21:50.347+0800: 5.829: [GC (Allocation Failure) [PSYoungGen: 689576K->350K(693760K)] 698799K->9716K(2092032K), 0.0004852 secs] [Times: user=0.01 sys=0.00, real=0.00 secs] 
2017-05-07T20:21:50.526+0800: 6.008: [GC (Allocation Failure) [PSYoungGen: 689502K->148K(694784K)] 698868K->9692K(2093056K), 0.0005150 secs] [Times: user=0.00 sys=0.00, real=0.00 secs] 
2017-05-07T20:21:50.707+0800: 6.188: [GC (Allocation Failure) [PSYoungGen: 690324K->191K(694272K)] 699868K->9784K(2092544K), 0.0005801 secs] [Times: user=0.00 sys=0.00, real=0.00 secs] 
2017-05-07T20:21:50.888+0800: 6.369: [GC (Allocation Failure) [PSYoungGen: 690367K->477K(694784K)] 699960K->10071K(2093056K), 0.0006774 secs] [Times: user=0.00 sys=0.00, real=0.00 secs] 
2017-05-07T20:21:51.075+0800: 6.557: [GC (Allocation Failure) [PSYoungGen: 691165K->392K(694784K)] 700759K->9986K(2093056K), 0.0005621 secs] [Times: user=0.00 sys=0.00, real=0.00 secs] 
2017-05-07T20:21:51.265+0800: 6.747: [GC (Allocation Failure) [PSYoungGen: 691080K->370K(695296K)] 700674K->10015K(2093568K), 0.0007046 secs] [Times: user=0.00 sys=0.00, real=0.01 secs] 
2017-05-07T20:21:51.456+0800: 6.938: [GC (Allocation Failure) [PSYoungGen: 692082K->424K(695296K)] 701727K->10068K(2093568K), 0.0006086 secs] [Times: user=0.00 sys=0.00, real=0.00 secs] 
2017-05-07T20:21:51.649+0800: 7.130: [GC (Allocation Failure) [PSYoungGen: 692133K->466K(695808K)] 701777K->10111K(2094080K), 0.0005661 secs] [Times: user=0.00 sys=0.00, real=0.00 secs] 
2017-05-07T20:21:51.843+0800: 7.324: [GC (Allocation Failure) [PSYoungGen: 693150K->286K(695808K)] 702794K->10031K(2094080K), 0.0006116 secs] [Times: user=0.00 sys=0.00, real=0.00 secs] 
2017-05-07T20:21:52.035+0800: 7.516: [GC (Allocation Failure) [PSYoungGen: 692990K->350K(696320K)] 702735K->10230K(2094592K), 0.0006298 secs] [Times: user=0.00 sys=0.00, real=0.00 secs] 
2017-05-07T20:21:52.226+0800: 7.707: [GC (Allocation Failure) [PSYoungGen: 693598K->466K(695808K)] 703478K->10346K(2094080K), 0.0005209 secs] [Times: user=0.01 sys=0.00, real=0.00 secs] 
2017-05-07T20:21:52.418+0800: 7.900: [GC (Allocation Failure) [PSYoungGen: 693702K->382K(696320K)] 703582K->10262K(2094592K), 0.0015178 secs] [Times: user=0.00 sys=0.00, real=0.00 secs] 
2017-05-07T20:21:52.604+0800: 8.085: [GC (Allocation Failure) [PSYoungGen: 694142K->477K(696320K)] 704022K->10357K(2094592K), 0.0026431 secs] [Times: user=0.00 sys=0.00, real=0.01 secs] 
2017-05-07T20:21:52.801+0800: 8.283: [GC (Allocation Failure) [PSYoungGen: 694237K->392K(696832K)] 704117K->10272K(2095104K), 0.0006727 secs] [Times: user=0.00 sys=0.00, real=0.00 secs] 
2017-05-07T20:21:52.990+0800: 8.471: [GC (Allocation Failure) [PSYoungGen: 695173K->360K(696832K)] 705053K->10240K(2095104K), 0.0013611 secs] [Times: user=0.01 sys=0.00, real=0.00 secs] 
2017-05-07T20:21:53.187+0800: 8.668: [GC (Allocation Failure) [PSYoungGen: 695144K->424K(696832K)] 705024K->10304K(2095104K), 0.0005227 secs] [Times: user=0.00 sys=0.00, real=0.00 secs] 
2017-05-07T20:21:53.381+0800: 8.863: [GC (Allocation Failure) [PSYoungGen: 695208K->424K(696832K)] 705088K->10304K(2095104K), 0.0005411 secs] [Times: user=0.00 sys=0.00, real=0.00 secs] 
2017-05-07T20:21:53.573+0800: 9.054: [GC (Allocation Failure) [PSYoungGen: 695208K->434K(697344K)] 705088K->10314K(2095616K), 0.0006384 secs] [Times: user=0.00 sys=0.00, real=0.00 secs] 
2017-05-07T20:21:53.764+0800: 9.245: [GC (Allocation Failure) [PSYoungGen: 695690K->509K(696832K)] 705569K->10389K(2095104K), 0.0004894 secs] [Times: user=0.00 sys=0.00, real=0.00 secs] 
2017-05-07T20:21:53.948+0800: 9.429: [GC (Allocation Failure) [PSYoungGen: 695805K->466K(697344K)] 705685K->10346K(2095616K), 0.0006090 secs] [Times: user=0.00 sys=0.00, real=0.00 secs] 
2017-05-07T20:21:54.141+0800: 9.623: [GC (Allocation Failure) [PSYoungGen: 696274K->392K(697344K)] 706154K->10272K(2095616K), 0.0005839 secs] [Times: user=0.00 sys=0.00, real=0.00 secs] 
2017-05-07T20:21:54.329+0800: 9.810: [GC (Allocation Failure) [PSYoungGen: 696200K->1526K(694272K)] 706080K->14633K(2092544K), 0.0023494 secs] [Times: user=0.00 sys=0.01, real=0.00 secs] 
2017-05-07T20:21:54.527+0800: 10.008: [GC (Allocation Failure) [PSYoungGen: 694262K->402K(695808K)] 707369K->14599K(2094080K), 0.0012545 secs] [Times: user=0.00 sys=0.00, real=0.00 secs] 
2017-05-07T20:21:54.721+0800: 10.203: [GC (Allocation Failure) [PSYoungGen: 693138K->392K(696320K)] 707335K->14589K(2094592K), 0.0007730 secs] [Times: user=0.00 sys=0.00, real=0.00 secs] 
2017-05-07T20:21:54.911+0800: 10.392: [GC (Allocation Failure) [PSYoungGen: 693640K->392K(695808K)] 707837K->14589K(2094080K), 0.0005999 secs] [Times: user=0.00 sys=0.00, real=0.00 secs] 
2017-05-07T20:21:55.096+0800: 10.578: [GC (Allocation Failure) [PSYoungGen: 693640K->509K(696320K)] 707837K->14705K(2094592K), 0.0007011 secs] [Times: user=0.00 sys=0.00, real=0.00 secs] 
2017-05-07T20:21:55.285+0800: 10.767: [GC (Allocation Failure) [PSYoungGen: 694269K->392K(696320K)] 708465K->14589K(2094592K), 0.0006998 secs] [Times: user=0.00 sys=0.00, real=0.01 secs] 
2017-05-07T20:21:55.469+0800: 10.950: [GC (Allocation Failure) [PSYoungGen: 694128K->445K(696320K)] 708324K->14641K(2094592K), 0.0014573 secs] [Times: user=0.00 sys=0.00, real=0.00 secs] 
2017-05-07T20:21:55.659+0800: 11.141: [GC (Allocation Failure) [PSYoungGen: 694198K->402K(696320K)] 708395K->14599K(2094592K), 0.0007028 secs] [Times: user=0.00 sys=0.00, real=0.00 secs] 
2017-05-07T20:21:55.851+0800: 11.332: [GC (Allocation Failure) [PSYoungGen: 694107K->402K(696832K)] 708303K->14599K(2095104K), 0.0007227 secs] [Times: user=0.01 sys=0.00, real=0.00 secs] 
2017-05-07T20:21:56.041+0800: 11.523: [GC (Allocation Failure) [PSYoungGen: 695186K->392K(696832K)] 709383K->14589K(2095104K), 0.0007782 secs] [Times: user=0.01 sys=0.00, real=0.00 secs] 
2017-05-07T20:21:56.230+0800: 11.711: [GC (Allocation Failure) [PSYoungGen: 695176K->275K(696832K)] 709373K->14573K(2095104K), 0.0006664 secs] [Times: user=0.00 sys=0.00, real=0.00 secs] 
2017-05-07T20:21:56.417+0800: 11.898: [GC (Allocation Failure) [PSYoungGen: 695059K->466K(696832K)] 709357K->14764K(2095104K), 0.0007395 secs] [Times: user=0.00 sys=0.00, real=0.00 secs] 
2017-05-07T20:21:56.611+0800: 12.092: [GC (Allocation Failure) [PSYoungGen: 695250K->434K(696832K)] 709548K->14732K(2095104K), 0.0005034 secs] [Times: user=0.00 sys=0.00, real=0.00 secs] 
2017-05-07T20:21:56.797+0800: 12.278: [GC (Allocation Failure) [PSYoungGen: 695207K->424K(696832K)] 709504K->14721K(2095104K), 0.0007803 secs] [Times: user=0.00 sys=0.00, real=0.00 secs] 
2017-05-07T20:21:56.986+0800: 12.467: [GC (Allocation Failure) [PSYoungGen: 695176K->382K(697344K)] 709473K->14679K(2095616K), 0.0005030 secs] [Times: user=0.00 sys=0.00, real=0.01 secs] 
2017-05-07T20:21:57.171+0800: 12.652: [GC (Allocation Failure) [PSYoungGen: 696190K->424K(697344K)] 710487K->14721K(2095616K), 0.0005689 secs] [Times: user=0.00 sys=0.00, real=0.00 secs] 
2017-05-07T20:21:57.362+0800: 12.843: [GC (Allocation Failure) [PSYoungGen: 696232K->318K(697344K)] 710529K->14615K(2095616K), 0.0007584 secs] [Times: user=0.00 sys=0.00, real=0.00 secs] 
2017-05-07T20:21:57.556+0800: 13.037: [GC (Allocation Failure) [PSYoungGen: 696112K->392K(697344K)] 710409K->14689K(2095616K), 0.0006644 secs] [Times: user=0.01 sys=0.00, real=0.00 secs] 
2017-05-07T20:21:57.727+0800: 13.208: [GC (Allocation Failure) [PSYoungGen: 696200K->466K(697344K)] 710497K->14772K(2095616K), 0.0007027 secs] [Times: user=0.00 sys=0.00, real=0.00 secs] 
2017-05-07T20:21:57.892+0800: 13.374: [GC (Allocation Failure) [PSYoungGen: 696274K->434K(697344K)] 710580K->14740K(2095616K), 0.0006318 secs] [Times: user=0.00 sys=0.00, real=0.00 secs] 
2017-05-07T20:21:58.062+0800: 13.543: [GC (Allocation Failure) [PSYoungGen: 696242K->466K(697344K)] 710548K->14772K(2095616K), 0.0005646 secs] [Times: user=0.00 sys=0.00, real=0.00 secs] 
2017-05-07T20:21:58.238+0800: 13.720: [GC (Allocation Failure) [PSYoungGen: 696274K->424K(697344K)] 710580K->14729K(2095616K), 0.0006984 secs] [Times: user=0.00 sys=0.00, real=0.00 secs] 
2017-05-07T20:21:58.418+0800: 13.899: [GC (Allocation Failure) [PSYoungGen: 696205K->382K(697856K)] 710510K->14780K(2096128K), 0.0008437 secs] [Times: user=0.00 sys=0.00, real=0.00 secs] 
2017-05-07T20:21:58.599+0800: 14.080: [GC (Allocation Failure) [PSYoungGen: 697214K->392K(697856K)] 711612K->14790K(2096128K), 0.0009944 secs] [Times: user=0.00 sys=0.00, real=0.00 secs] 
2017-05-07T20:21:58.806+0800: 14.287: [GC (Allocation Failure) [PSYoungGen: 697224K->360K(697856K)] 711622K->14758K(2096128K), 0.0006619 secs] [Times: user=0.01 sys=0.00, real=0.01 secs] 
2017-05-07T20:21:58.987+0800: 14.468: [GC (Allocation Failure) [PSYoungGen: 697192K->1017K(697856K)] 711590K->19109K(2096128K), 0.0017899 secs] [Times: user=0.00 sys=0.00, real=0.00 secs] 
2017-05-07T20:21:59.183+0800: 14.664: [GC (Allocation Failure) [PSYoungGen: 697832K->509K(694784K)] 715924K->19258K(2093056K), 0.0020155 secs] [Times: user=0.00 sys=0.00, real=0.00 secs] 
2017-05-07T20:21:59.372+0800: 14.854: [GC (Allocation Failure) [PSYoungGen: 694269K->466K(696320K)] 713018K->19215K(2094592K), 0.0005739 secs] [Times: user=0.00 sys=0.00, real=0.00 secs] 
2017-05-07T20:21:59.565+0800: 15.046: [GC (Allocation Failure) [PSYoungGen: 694226K->424K(696320K)] 712975K->19173K(2094592K), 0.0007455 secs] [Times: user=0.00 sys=0.00, real=0.00 secs] 
2017-05-07T20:21:59.757+0800: 15.238: [GC (Allocation Failure) [PSYoungGen: 694184K->265K(696320K)] 712933K->19157K(2094592K), 0.0006147 secs] [Times: user=0.00 sys=0.00, real=0.00 secs] 
2017-05-07T20:21:59.946+0800: 15.427: [GC (Allocation Failure) [PSYoungGen: 694017K->318K(696832K)] 712909K->19210K(2095104K), 0.0007780 secs] [Times: user=0.00 sys=0.00, real=0.01 secs] 
2017-05-07T20:22:00.137+0800: 15.618: [GC (Allocation Failure) [PSYoungGen: 694580K->392K(696320K)] 713472K->19284K(2094592K), 0.0005435 secs] [Times: user=0.00 sys=0.00, real=0.00 secs] 
2017-05-07T20:22:00.330+0800: 15.811: [GC (Allocation Failure) [PSYoungGen: 694630K->392K(696832K)] 713522K->19284K(2095104K), 0.0006641 secs] [Times: user=0.01 sys=0.00, real=0.00 secs] 
2017-05-07T20:22:00.522+0800: 16.003: [GC (Allocation Failure) [PSYoungGen: 695141K->360K(696832K)] 714033K->19252K(2095104K), 0.0005517 secs] [Times: user=0.00 sys=0.00, real=0.00 secs] 
2017-05-07T20:22:00.711+0800: 16.193: [GC (Allocation Failure) [PSYoungGen: 695144K->466K(696832K)] 714036K->19359K(2095104K), 0.0006878 secs] [Times: user=0.00 sys=0.00, real=0.00 secs] 
2017-05-07T20:22:00.900+0800: 16.382: [GC (Allocation Failure) [PSYoungGen: 695238K->477K(696832K)] 714131K->19369K(2095104K), 0.0006386 secs] [Times: user=0.00 sys=0.00, real=0.00 secs] 
2017-05-07T20:22:01.092+0800: 16.573: [GC (Allocation Failure) [PSYoungGen: 695261K->339K(697344K)] 714153K->19332K(2095616K), 0.0005458 secs] [Times: user=0.00 sys=0.00, real=0.00 secs] 
2017-05-07T20:22:01.280+0800: 16.761: [GC (Allocation Failure) [PSYoungGen: 695635K->424K(696832K)] 714628K->19417K(2095104K), 0.0012327 secs] [Times: user=0.01 sys=0.00, real=0.00 secs] 
2017-05-07T20:22:01.474+0800: 16.955: [GC (Allocation Failure) [PSYoungGen: 695690K->434K(697344K)] 714682K->19427K(2095616K), 0.0007077 secs] [Times: user=0.00 sys=0.00, real=0.01 secs] 
2017-05-07T20:22:01.667+0800: 17.148: [GC (Allocation Failure) [PSYoungGen: 696221K->360K(697344K)] 715214K->19353K(2095616K), 0.0005442 secs] [Times: user=0.00 sys=0.00, real=0.00 secs] 
2017-05-07T20:22:01.856+0800: 17.337: [GC (Allocation Failure) [PSYoungGen: 696168K->434K(697344K)] 715161K->19427K(2095616K), 0.0005175 secs] [Times: user=0.00 sys=0.00, real=0.00 secs] 
2017-05-07T20:22:02.048+0800: 17.529: [GC (Allocation Failure) [PSYoungGen: 696242K->392K(697344K)] 715235K->19385K(2095616K), 0.0006559 secs] [Times: user=0.01 sys=0.00, real=0.00 secs] 
2017-05-07T20:22:02.243+0800: 17.724: [GC (Allocation Failure) [PSYoungGen: 696200K->477K(697344K)] 715193K->19470K(2095616K), 0.0006284 secs] [Times: user=0.00 sys=0.00, real=0.00 secs] 
2017-05-07T20:22:02.432+0800: 17.913: [GC (Allocation Failure) [PSYoungGen: 696262K->360K(697344K)] 715255K->19353K(2095616K), 0.0005049 secs] [Times: user=0.00 sys=0.00, real=0.00 secs] 
2017-05-07T20:22:02.621+0800: 18.102: [GC (Allocation Failure) [PSYoungGen: 696168K->392K(697344K)] 715161K->19385K(2095616K), 0.0005257 secs] [Times: user=0.01 sys=0.00, real=0.00 secs] 
2017-05-07T20:22:02.811+0800: 18.293: [GC (Allocation Failure) [PSYoungGen: 696163K->392K(697344K)] 715156K->19385K(2095616K), 0.0007245 secs] [Times: user=0.01 sys=0.00, real=0.00 secs] 
2017-05-07T20:22:03.001+0800: 18.482: [GC (Allocation Failure) [PSYoungGen: 696200K->392K(697856K)] 715193K->19385K(2096128K), 0.0013629 secs] [Times: user=0.00 sys=0.00, real=0.00 secs] 
2017-05-07T20:22:03.189+0800: 18.670: [GC (Allocation Failure) [PSYoungGen: 697224K->360K(697856K)] 716217K->19353K(2096128K), 0.0005409 secs] [Times: user=0.00 sys=0.00, real=0.00 secs] 
2017-05-07T20:22:03.380+0800: 18.862: [GC (Allocation Failure) [PSYoungGen: 697192K->201K(697856K)] 716185K->19387K(2096128K), 0.0011812 secs] [Times: user=0.00 sys=0.00, real=0.00 secs] 
2017-05-07T20:22:03.565+0800: 19.047: [GC (Allocation Failure) [PSYoungGen: 697024K->1017K(697856K)] 716210K->23847K(2096128K), 0.0020582 secs] [Times: user=0.01 sys=0.00, real=0.01 secs] 
2017-05-07T20:22:03.756+0800: 19.237: [GC (Allocation Failure) [PSYoungGen: 697844K->318K(696832K)] 720674K->23805K(2095104K), 0.0012721 secs] [Times: user=0.01 sys=0.00, real=0.00 secs] 
2017-05-07T20:22:03.953+0800: 19.435: [GC (Allocation Failure) [PSYoungGen: 696099K->402K(697344K)] 719586K->23889K(2095616K), 0.0008736 secs] [Times: user=0.00 sys=0.00, real=0.01 secs] 
2017-05-07T20:22:04.140+0800: 19.621: [GC (Allocation Failure) [PSYoungGen: 696210K->392K(697856K)] 719697K->23879K(2096128K), 0.0006556 secs] [Times: user=0.00 sys=0.00, real=0.00 secs] 
2017-05-07T20:22:04.332+0800: 19.813: [GC (Allocation Failure) [PSYoungGen: 697224K->466K(697856K)] 720711K->24004K(2096128K), 0.0006408 secs] [Times: user=0.00 sys=0.00, real=0.00 secs] 
2017-05-07T20:22:04.526+0800: 20.007: [GC (Allocation Failure) [PSYoungGen: 697298K->466K(697856K)] 720836K->24004K(2096128K), 0.0007292 secs] [Times: user=0.01 sys=0.00, real=0.00 secs] 
2017-05-07T20:22:04.724+0800: 20.205: [GC (Allocation Failure) [PSYoungGen: 697298K->477K(697856K)] 720836K->24014K(2096128K), 0.0005638 secs] [Times: user=0.00 sys=0.00, real=0.00 secs] 
2017-05-07T20:22:04.912+0800: 20.393: [GC (Allocation Failure) [PSYoungGen: 697291K->318K(697856K)] 720828K->23905K(2096128K), 0.0005450 secs] [Times: user=0.00 sys=0.00, real=0.00 secs] 
2017-05-07T20:22:05.102+0800: 20.584: [GC (Allocation Failure) [PSYoungGen: 697144K->360K(697856K)] 720732K->23948K(2096128K), 0.0006682 secs] [Times: user=0.00 sys=0.00, real=0.00 secs] 
2017-05-07T20:22:05.290+0800: 20.772: [GC (Allocation Failure) [PSYoungGen: 697192K->360K(697856K)] 720780K->23948K(2096128K), 0.0006606 secs] [Times: user=0.00 sys=0.00, real=0.00 secs] 
2017-05-07T20:22:05.478+0800: 20.959: [GC (Allocation Failure) [PSYoungGen: 697192K->424K(697856K)] 720780K->24012K(2096128K), 0.0007631 secs] [Times: user=0.00 sys=0.00, real=0.00 secs] 
2017-05-07T20:22:05.658+0800: 21.139: [GC (Allocation Failure) [PSYoungGen: 697229K->307K(697856K)] 720817K->24030K(2096128K), 0.0005389 secs] [Times: user=0.00 sys=0.00, real=0.00 secs] 
2017-05-07T20:22:05.837+0800: 21.318: [GC (Allocation Failure) [PSYoungGen: 697117K->424K(697856K)] 720840K->24147K(2096128K), 0.0006167 secs] [Times: user=0.00 sys=0.00, real=0.00 secs] 
2017-05-07T20:22:06.015+0800: 21.496: [GC (Allocation Failure) [PSYoungGen: 697244K->265K(697856K)] 720967K->24232K(2096128K), 0.0005176 secs] [Times: user=0.01 sys=0.00, real=0.00 secs] 
2017-05-07T20:22:06.198+0800: 21.679: [GC (Allocation Failure) [PSYoungGen: 697072K->191K(697856K)] 721039K->24258K(2096128K), 0.0005501 secs] [Times: user=0.00 sys=0.00, real=0.00 secs] 
2017-05-07T20:22:06.380+0800: 21.861: [GC (Allocation Failure) [PSYoungGen: 697023K->307K(697856K)] 721090K->24425K(2096128K), 0.0005338 secs] [Times: user=0.00 sys=0.00, real=0.00 secs] 
2017-05-07T20:22:06.576+0800: 22.058: [GC (Allocation Failure) [PSYoungGen: 697139K->466K(697856K)] 721257K->24584K(2096128K), 0.0005757 secs] [Times: user=0.00 sys=0.00, real=0.00 secs] 
2017-05-07T20:22:06.764+0800: 22.246: [GC (Allocation Failure) [PSYoungGen: 697289K->350K(697856K)] 721406K->24467K(2096128K), 0.0006771 secs] [Times: user=0.00 sys=0.00, real=0.00 secs] 
2017-05-07T20:22:06.955+0800: 22.436: [GC (Allocation Failure) [PSYoungGen: 697182K->350K(697856K)] 721299K->24568K(2096128K), 0.0006881 secs] [Times: user=0.00 sys=0.00, real=0.00 secs] 
2017-05-07T20:22:07.143+0800: 22.624: [GC (Allocation Failure) [PSYoungGen: 697182K->360K(697856K)] 721400K->24579K(2096128K), 0.0007637 secs] [Times: user=0.00 sys=0.00, real=0.00 secs] 
2017-05-07T20:22:07.336+0800: 22.817: [GC (Allocation Failure) [PSYoungGen: 697151K->233K(697856K)] 721370K->24671K(2096128K), 0.0006828 secs] [Times: user=0.00 sys=0.00, real=0.00 secs] 
2017-05-07T20:22:07.530+0800: 23.011: [GC (Allocation Failure) [PSYoungGen: 697065K->434K(697856K)] 721503K->24873K(2096128K), 0.0005812 secs] [Times: user=0.00 sys=0.00, real=0.00 secs] 
2017-05-07T20:22:07.721+0800: 23.203: [GC (Allocation Failure) [PSYoungGen: 697266K->434K(697856K)] 721705K->24873K(2096128K), 0.0007162 secs] [Times: user=0.00 sys=0.00, real=0.00 secs] 
2017-05-07T20:22:07.910+0800: 23.391: [GC (Allocation Failure) [PSYoungGen: 697266K->360K(697856K)] 721705K->24798K(2096128K), 0.0009551 secs] [Times: user=0.00 sys=0.00, real=0.00 secs] 
2017-05-07T20:22:08.102+0800: 23.584: [GC (Allocation Failure) [PSYoungGen: 697192K->413K(697856K)] 721630K->24851K(2096128K), 0.0007714 secs] [Times: user=0.00 sys=0.00, real=0.00 secs] 
2017-05-07T20:22:08.286+0800: 23.768: [GC (Allocation Failure) [PSYoungGen: 697245K->1017K(694784K)] 721683K->29200K(2093056K), 0.0025197 secs] [Times: user=0.01 sys=0.00, real=0.00 secs] 
2017-05-07T20:22:08.487+0800: 23.968: [GC (Allocation Failure) [PSYoungGen: 694777K->402K(696320K)] 722960K->29234K(2094592K), 0.0012806 secs] [Times: user=0.00 sys=0.00, real=0.00 secs] 
2017-05-07T20:22:08.681+0800: 24.162: [GC (Allocation Failure) [PSYoungGen: 694162K->392K(696320K)] 722994K->29224K(2094592K), 0.0006771 secs] [Times: user=0.00 sys=0.00, real=0.00 secs] 
2017-05-07T20:22:08.868+0800: 24.349: [GC (Allocation Failure) [PSYoungGen: 694152K->382K(696320K)] 722984K->29213K(2094592K), 0.0007971 secs] [Times: user=0.00 sys=0.00, real=0.00 secs] 
2017-05-07T20:22:09.053+0800: 24.534: [GC (Allocation Failure) [PSYoungGen: 694142K->328K(696832K)] 722973K->29160K(2095104K), 0.0008133 secs] [Times: user=0.00 sys=0.00, real=0.00 secs] 
2017-05-07T20:22:09.241+0800: 24.723: [GC (Allocation Failure) [PSYoungGen: 695075K->402K(696832K)] 723907K->29234K(2095104K), 0.0006401 secs] [Times: user=0.00 sys=0.00, real=0.00 secs] 
2017-05-07T20:22:09.429+0800: 24.910: [GC (Allocation Failure) [PSYoungGen: 695183K->360K(696832K)] 724015K->29192K(2095104K), 0.0009274 secs] [Times: user=0.01 sys=0.00, real=0.00 secs] 
2017-05-07T20:22:09.619+0800: 25.101: [GC (Allocation Failure) [PSYoungGen: 695144K->360K(696832K)] 723976K->29192K(2095104K), 0.0008924 secs] [Times: user=0.00 sys=0.00, real=0.00 secs] 
2017-05-07T20:22:09.812+0800: 25.293: [GC (Allocation Failure) [PSYoungGen: 695144K->360K(696832K)] 723976K->29192K(2095104K), 0.0006916 secs] [Times: user=0.00 sys=0.00, real=0.00 secs] 
2017-05-07T20:22:10.005+0800: 25.486: [GC (Allocation Failure) [PSYoungGen: 695144K->360K(696832K)] 723976K->29200K(2095104K), 0.0007148 secs] [Times: user=0.00 sys=0.00, real=0.00 secs] 
2017-05-07T20:22:10.201+0800: 25.682: [GC (Allocation Failure) [PSYoungGen: 695133K->509K(697344K)] 723972K->29348K(2095616K), 0.0005618 secs] [Times: user=0.00 sys=0.00, real=0.00 secs] 
2017-05-07T20:22:10.423+0800: 25.905: [GC (Allocation Failure) [PSYoungGen: 695805K->392K(696832K)] 724644K->29232K(2095104K), 0.0006478 secs] [Times: user=0.00 sys=0.00, real=0.00 secs] 
2017-05-07T20:22:10.604+0800: 26.086: [GC (Allocation Failure) [PSYoungGen: 695688K->402K(697344K)] 724528K->29242K(2095616K), 0.0007524 secs] [Times: user=0.00 sys=0.00, real=0.00 secs] 
2017-05-07T20:22:10.787+0800: 26.268: [GC (Allocation Failure) [PSYoungGen: 696140K->466K(697344K)] 724980K->29306K(2095616K), 0.0005778 secs] [Times: user=0.01 sys=0.00, real=0.00 secs] 
2017-05-07T20:22:10.977+0800: 26.458: [GC (Allocation Failure) [PSYoungGen: 696274K->466K(697344K)] 725114K->29306K(2095616K), 0.0014204 secs] [Times: user=0.01 sys=0.00, real=0.00 secs] 
2017-05-07T20:22:11.175+0800: 26.657: [GC (Allocation Failure) [PSYoungGen: 696247K->318K(697344K)] 725087K->29157K(2095616K), 0.0007702 secs] [Times: user=0.00 sys=0.00, real=0.00 secs] 
2017-05-07T20:22:11.367+0800: 26.849: [GC (Allocation Failure) [PSYoungGen: 696126K->424K(697344K)] 724965K->29264K(2095616K), 0.0005453 secs] [Times: user=0.00 sys=0.00, real=0.00 secs] 
2017-05-07T20:22:11.557+0800: 27.038: [GC (Allocation Failure) [PSYoungGen: 696232K->402K(697344K)] 725072K->29242K(2095616K), 0.0007312 secs] [Times: user=0.00 sys=0.00, real=0.00 secs] 
2017-05-07T20:22:11.749+0800: 27.231: [GC (Allocation Failure) [PSYoungGen: 696169K->402K(697856K)] 725009K->29242K(2096128K), 0.0006298 secs] [Times: user=0.00 sys=0.00, real=0.00 secs] 
2017-05-07T20:22:11.941+0800: 27.423: [GC (Allocation Failure) [PSYoungGen: 696722K->318K(697344K)] 725562K->29250K(2095616K), 0.0006265 secs] [Times: user=0.00 sys=0.00, real=0.00 secs] 
2017-05-07T20:22:12.133+0800: 27.615: [GC (Allocation Failure) [PSYoungGen: 696638K->233K(697856K)] 725570K->29266K(2096128K), 0.0006829 secs] [Times: user=0.00 sys=0.00, real=0.01 secs] 
2017-05-07T20:22:12.323+0800: 27.805: [GC (Allocation Failure) [PSYoungGen: 697065K->434K(697856K)] 726098K->29468K(2096128K), 0.0010779 secs] [Times: user=0.01 sys=0.00, real=0.00 secs] 
2017-05-07T20:22:12.515+0800: 27.997: [GC (Allocation Failure) [PSYoungGen: 697224K->402K(697856K)] 726258K->29436K(2096128K), 0.0006367 secs] [Times: user=0.00 sys=0.00, real=0.00 secs] 
2017-05-07T20:22:12.704+0800: 28.186: [GC (Allocation Failure) [PSYoungGen: 697234K->360K(697856K)] 726268K->29393K(2096128K), 0.0005809 secs] [Times: user=0.00 sys=0.00, real=0.00 secs] 
2017-05-07T20:22:12.897+0800: 28.379: [GC (Allocation Failure) [PSYoungGen: 697192K->424K(697856K)] 726225K->29457K(2096128K), 0.0006517 secs] [Times: user=0.01 sys=0.00, real=0.00 secs] 
2017-05-07T20:22:13.083+0800: 28.564: [GC (Allocation Failure) [PSYoungGen: 697256K->1017K(697856K)] 726289K->33710K(2096128K), 0.0019352 secs] [Times: user=0.00 sys=0.00, real=0.00 secs] 
2017-05-07T20:22:13.274+0800: 28.756: [GC (Allocation Failure) [PSYoungGen: 697780K->434K(694784K)] 730473K->33819K(2093056K), 0.0011810 secs] [Times: user=0.01 sys=0.00, real=0.00 secs] 
2017-05-07T20:22:13.450+0800: 28.932: [GC (Allocation Failure) [PSYoungGen: 694194K->382K(696320K)] 727579K->33816K(2094592K), 0.0006327 secs] [Times: user=0.00 sys=0.00, real=0.00 secs] 
2017-05-07T20:22:13.609+0800: 29.091: [GC (Allocation Failure) [PSYoungGen: 694142K->360K(696320K)] 727576K->33795K(2094592K), 0.0006026 secs] [Times: user=0.00 sys=0.00, real=0.00 secs] 
2017-05-07T20:22:13.777+0800: 29.258: [GC (Allocation Failure) [PSYoungGen: 694120K->466K(696320K)] 727555K->33951K(2094592K), 0.0007687 secs] [Times: user=0.00 sys=0.00, real=0.00 secs] 
2017-05-07T20:22:13.946+0800: 29.427: [GC (Allocation Failure) [PSYoungGen: 694226K->392K(696832K)] 727711K->33877K(2095104K), 0.0005705 secs] [Times: user=0.00 sys=0.00, real=0.00 secs] 
2017-05-07T20:22:14.094+0800: 29.575: [GC (Allocation Failure) [PSYoungGen: 695176K->350K(696832K)] 728661K->33935K(2095104K), 0.0005499 secs] [Times: user=0.00 sys=0.00, real=0.00 secs] 
2017-05-07T20:22:14.286+0800: 29.768: [GC (Allocation Failure) [PSYoungGen: 695132K->243K(696832K)] 728717K->33922K(2095104K), 0.0008490 secs] [Times: user=0.00 sys=0.00, real=0.00 secs] 
2017-05-07T20:22:14.474+0800: 29.955: [GC (Allocation Failure) [PSYoungGen: 694986K->360K(696832K)] 728665K->34081K(2095104K), 0.0006100 secs] [Times: user=0.00 sys=0.00, real=0.01 secs] 
2017-05-07T20:22:14.665+0800: 30.146: [GC (Allocation Failure) [PSYoungGen: 695121K->318K(696832K)] 728842K->34038K(2095104K), 0.0007668 secs] [Times: user=0.00 sys=0.00, real=0.00 secs] 
2017-05-07T20:22:14.858+0800: 30.339: [GC (Allocation Failure) [PSYoungGen: 695047K->402K(696832K)] 728767K->34123K(2095104K), 0.0007052 secs] [Times: user=0.00 sys=0.00, real=0.00 secs] 
2017-05-07T20:22:15.049+0800: 30.530: [GC (Allocation Failure) [PSYoungGen: 695186K->307K(697344K)] 728907K->34078K(2095616K), 0.0012706 secs] [Times: user=0.00 sys=0.00, real=0.00 secs] 
2017-05-07T20:22:15.237+0800: 30.718: [GC (Allocation Failure) [PSYoungGen: 695603K->424K(696832K)] 729374K->34195K(2095104K), 0.0006084 secs] [Times: user=0.01 sys=0.00, real=0.00 secs] 
2017-05-07T20:22:15.428+0800: 30.909: [GC (Allocation Failure) [PSYoungGen: 695720K->466K(697344K)] 729491K->34238K(2095616K), 0.0006644 secs] [Times: user=0.00 sys=0.00, real=0.00 secs] 
2017-05-07T20:22:15.622+0800: 31.103: [GC (Allocation Failure) [PSYoungGen: 696274K->360K(697344K)] 730046K->34232K(2095616K), 0.0006192 secs] [Times: user=0.00 sys=0.00, real=0.00 secs] 
2017-05-07T20:22:15.810+0800: 31.292: [GC (Allocation Failure) [PSYoungGen: 696168K->350K(697344K)] 730040K->34272K(2095616K), 0.0007466 secs] [Times: user=0.00 sys=0.00, real=0.00 secs] 
2017-05-07T20:22:15.995+0800: 31.476: [GC (Allocation Failure) [PSYoungGen: 696158K->509K(697344K)] 730080K->34431K(2095616K), 0.0007709 secs] [Times: user=0.01 sys=0.00, real=0.00 secs] 
2017-05-07T20:22:16.181+0800: 31.662: [GC (Allocation Failure) [PSYoungGen: 696317K->402K(697344K)] 730239K->34325K(2095616K), 0.0006474 secs] [Times: user=0.01 sys=0.00, real=0.00 secs] 
2017-05-07T20:22:16.373+0800: 31.854: [GC (Allocation Failure) [PSYoungGen: 696187K->445K(697344K)] 730109K->34367K(2095616K), 0.0006989 secs] [Times: user=0.00 sys=0.00, real=0.00 secs] 
2017-05-07T20:22:16.562+0800: 32.043: [GC (Allocation Failure) [PSYoungGen: 696253K->402K(697856K)] 730175K->34325K(2096128K), 0.0008093 secs] [Times: user=0.00 sys=0.00, real=0.00 secs] 
2017-05-07T20:22:16.749+0800: 32.231: [GC (Allocation Failure) [PSYoungGen: 696722K->434K(697344K)] 730645K->34357K(2095616K), 0.0006137 secs] [Times: user=0.00 sys=0.00, real=0.00 secs] 
2017-05-07T20:22:16.942+0800: 32.423: [GC (Allocation Failure) [PSYoungGen: 696729K->360K(697856K)] 730651K->34282K(2096128K), 0.0006706 secs] [Times: user=0.00 sys=0.00, real=0.00 secs] 
2017-05-07T20:22:17.126+0800: 32.608: [GC (Allocation Failure) [PSYoungGen: 697192K->434K(697856K)] 731114K->34357K(2096128K), 0.0007440 secs] [Times: user=0.00 sys=0.00, real=0.00 secs] 
2017-05-07T20:22:17.318+0800: 32.799: [GC (Allocation Failure) [PSYoungGen: 697266K->402K(697856K)] 731189K->34325K(2096128K), 0.0007014 secs] [Times: user=0.00 sys=0.00, real=0.00 secs] 
2017-05-07T20:22:17.509+0800: 32.990: [GC (Allocation Failure) [PSYoungGen: 697234K->297K(697856K)] 731157K->34219K(2096128K), 0.0005801 secs] [Times: user=0.00 sys=0.00, real=0.00 secs] 
2017-05-07T20:22:17.698+0800: 33.179: [GC (Allocation Failure) [PSYoungGen: 697090K->1007K(697856K)] 731012K->38573K(2096128K), 0.0022060 secs] [Times: user=0.00 sys=0.00, real=0.00 secs] 
2017-05-07T20:22:17.898+0800: 33.379: [GC (Allocation Failure) [PSYoungGen: 697839K->424K(697856K)] 735405K->38732K(2096128K), 0.0007592 secs] [Times: user=0.00 sys=0.00, real=0.00 secs] 
2017-05-07T20:22:18.085+0800: 33.567: [GC (Allocation Failure) [PSYoungGen: 697256K->413K(697856K)] 735564K->38720K(2096128K), 0.0008146 secs] [Times: user=0.00 sys=0.00, real=0.01 secs] 
2017-05-07T20:22:18.273+0800: 33.754: [GC (Allocation Failure) [PSYoungGen: 697233K->551K(697856K)] 735540K->38859K(2096128K), 0.0006085 secs] [Times: user=0.00 sys=0.00, real=0.00 secs] 
2017-05-07T20:22:18.460+0800: 33.941: [GC (Allocation Failure) [PSYoungGen: 697309K->466K(697856K)] 735616K->38774K(2096128K), 0.0006984 secs] [Times: user=0.00 sys=0.00, real=0.00 secs] 
2017-05-07T20:22:18.653+0800: 34.135: [GC (Allocation Failure) [PSYoungGen: 697298K->233K(697856K)] 735606K->38784K(2096128K), 0.0006232 secs] [Times: user=0.00 sys=0.00, real=0.01 secs] 
2017-05-07T20:22:18.845+0800: 34.326: [GC (Allocation Failure) [PSYoungGen: 697065K->392K(697856K)] 735616K->38943K(2096128K), 0.0005879 secs] [Times: user=0.00 sys=0.00, real=0.00 secs] 
2017-05-07T20:22:19.038+0800: 34.520: [GC (Allocation Failure) [PSYoungGen: 697159K->434K(697856K)] 735710K->38986K(2096128K), 0.0007386 secs] [Times: user=0.00 sys=0.00, real=0.00 secs] 
2017-05-07T20:22:19.232+0800: 34.713: [GC (Allocation Failure) [PSYoungGen: 697266K->477K(697856K)] 735818K->39028K(2096128K), 0.0007962 secs] [Times: user=0.01 sys=0.00, real=0.00 secs] 
2017-05-07T20:22:19.424+0800: 34.905: [GC (Allocation Failure) [PSYoungGen: 697309K->318K(697856K)] 735860K->38962K(2096128K), 0.0006778 secs] [Times: user=0.00 sys=0.00, real=0.00 secs] 
2017-05-07T20:22:19.610+0800: 35.091: [GC (Allocation Failure) [PSYoungGen: 697150K->424K(697856K)] 735794K->39068K(2096128K), 0.0006681 secs] [Times: user=0.00 sys=0.00, real=0.00 secs] 
2017-05-07T20:22:19.797+0800: 35.279: [GC (Allocation Failure) [PSYoungGen: 697256K->392K(697856K)] 735900K->39036K(2096128K), 0.0006424 secs] [Times: user=0.00 sys=0.00, real=0.00 secs] 
2017-05-07T20:22:19.986+0800: 35.467: [GC (Allocation Failure) [PSYoungGen: 697224K->382K(697856K)] 735868K->39026K(2096128K), 0.0006488 secs] [Times: user=0.00 sys=0.00, real=0.00 secs] 
2017-05-07T20:22:20.179+0800: 35.661: [GC (Allocation Failure) [PSYoungGen: 697214K->392K(697856K)] 735858K->39036K(2096128K), 0.0006281 secs] [Times: user=0.00 sys=0.00, real=0.00 secs] 
2017-05-07T20:22:20.369+0800: 35.850: [GC (Allocation Failure) [PSYoungGen: 697224K->318K(697856K)] 735868K->38962K(2096128K), 0.0009732 secs] [Times: user=0.01 sys=0.00, real=0.00 secs] 
2017-05-07T20:22:20.557+0800: 36.038: [GC (Allocation Failure) [PSYoungGen: 697150K->360K(697856K)] 735794K->39004K(2096128K), 0.0007796 secs] [Times: user=0.00 sys=0.00, real=0.00 secs] 
2017-05-07T20:22:20.745+0800: 36.226: [GC (Allocation Failure) [PSYoungGen: 697192K->392K(697856K)] 735836K->39036K(2096128K), 0.0006443 secs] [Times: user=0.00 sys=0.00, real=0.00 secs] 
2017-05-07T20:22:20.932+0800: 36.413: [GC (Allocation Failure) [PSYoungGen: 697223K->445K(697856K)] 735867K->39089K(2096128K), 0.0007470 secs] [Times: user=0.00 sys=0.01, real=0.00 secs] 
2017-05-07T20:22:21.106+0800: 36.587: [GC (Allocation Failure) [PSYoungGen: 697277K->424K(697856K)] 735921K->39119K(2096128K), 0.0005867 secs] [Times: user=0.00 sys=0.00, real=0.00 secs] 
2017-05-07T20:22:21.287+0800: 36.768: [GC (Allocation Failure) [PSYoungGen: 697256K->191K(697856K)] 735951K->39028K(2096128K), 0.0006068 secs] [Times: user=0.00 sys=0.00, real=0.00 secs] 
2017-05-07T20:22:21.450+0800: 36.931: [GC (Allocation Failure) [PSYoungGen: 697023K->424K(697856K)] 735860K->39262K(2096128K), 0.0006145 secs] [Times: user=0.00 sys=0.00, real=0.00 secs] 
2017-05-07T20:22:21.627+0800: 37.108: [GC (Allocation Failure) [PSYoungGen: 697256K->392K(697856K)] 736094K->39230K(2096128K), 0.0005620 secs] [Times: user=0.00 sys=0.00, real=0.00 secs] 
2017-05-07T20:22:21.806+0800: 37.287: [GC (Allocation Failure) [PSYoungGen: 697224K->191K(697856K)] 736062K->39222K(2096128K), 0.0011153 secs] [Times: user=0.01 sys=0.00, real=0.00 secs] 
2017-05-07T20:22:21.992+0800: 37.473: [GC (Allocation Failure) [PSYoungGen: 697023K->434K(697856K)] 736054K->39465K(2096128K), 0.0007119 secs] [Times: user=0.00 sys=0.00, real=0.00 secs] 
2017-05-07T20:22:22.174+0800: 37.655: [GC (Allocation Failure) [PSYoungGen: 697229K->1017K(694784K)] 736260K->43708K(2093056K), 0.0017197 secs] [Times: user=0.00 sys=0.00, real=0.00 secs] 
2017-05-07T20:22:22.365+0800: 37.846: [GC (Allocation Failure) [PSYoungGen: 694765K->402K(696320K)] 737455K->43784K(2094592K), 0.0012565 secs] [Times: user=0.00 sys=0.00, real=0.01 secs] 
2017-05-07T20:22:22.558+0800: 38.040: [GC (Allocation Failure) [PSYoungGen: 694094K->434K(696832K)] 737476K->43816K(2095104K), 0.0022068 secs] [Times: user=0.00 sys=0.00, real=0.00 secs] 
2017-05-07T20:22:22.748+0800: 38.229: [GC (Allocation Failure) [PSYoungGen: 694706K->424K(696320K)] 738088K->43806K(2094592K), 0.0006603 secs] [Times: user=0.01 sys=0.00, real=0.00 secs] 
2017-05-07T20:22:22.932+0800: 38.413: [GC (Allocation Failure) [PSYoungGen: 694696K->360K(696832K)] 738078K->43742K(2095104K), 0.0007694 secs] [Times: user=0.00 sys=0.00, real=0.00 secs] 
2017-05-07T20:22:23.126+0800: 38.607: [GC (Allocation Failure) [PSYoungGen: 695144K->392K(696832K)] 738526K->43774K(2095104K), 0.0006045 secs] [Times: user=0.01 sys=0.00, real=0.01 secs] 
2017-05-07T20:22:23.311+0800: 38.793: [GC (Allocation Failure) [PSYoungGen: 695176K->360K(696832K)] 738558K->43742K(2095104K), 0.0007140 secs] [Times: user=0.00 sys=0.00, real=0.00 secs] 
2017-05-07T20:22:23.502+0800: 38.984: [GC (Allocation Failure) [PSYoungGen: 695118K->434K(696832K)] 738500K->43816K(2095104K), 0.0008897 secs] [Times: user=0.01 sys=0.00, real=0.00 secs] 
2017-05-07T20:22:23.695+0800: 39.176: [GC (Allocation Failure) [PSYoungGen: 695218K->360K(696832K)] 738600K->43742K(2095104K), 0.0009371 secs] [Times: user=0.01 sys=0.00, real=0.00 secs] 
2017-05-07T20:22:23.881+0800: 39.362: [GC (Allocation Failure) [PSYoungGen: 695144K->424K(696832K)] 738526K->43806K(2095104K), 0.0006111 secs] [Times: user=0.00 sys=0.00, real=0.00 secs] 
2017-05-07T20:22:24.071+0800: 39.553: [GC (Allocation Failure) [PSYoungGen: 695191K->360K(697344K)] 738574K->43742K(2095616K), 0.0025330 secs] [Times: user=0.00 sys=0.00, real=0.00 secs] 
2017-05-07T20:22:24.264+0800: 39.745: [GC (Allocation Failure) [PSYoungGen: 696120K->360K(697344K)] 739503K->43792K(2095616K), 0.0008492 secs] [Times: user=0.00 sys=0.00, real=0.00 secs] 
2017-05-07T20:22:24.453+0800: 39.934: [GC (Allocation Failure) [PSYoungGen: 696168K->466K(697344K)] 739600K->43899K(2095616K), 0.0007263 secs] [Times: user=0.00 sys=0.00, real=0.00 secs] 
2017-05-07T20:22:24.638+0800: 40.119: [GC (Allocation Failure) [PSYoungGen: 696274K->402K(697344K)] 739707K->43835K(2095616K), 0.0007810 secs] [Times: user=0.00 sys=0.00, real=0.00 secs] 
2017-05-07T20:22:24.826+0800: 40.308: [GC (Allocation Failure) [PSYoungGen: 696210K->445K(697344K)] 739643K->43877K(2095616K), 0.0006370 secs] [Times: user=0.00 sys=0.00, real=0.00 secs] 
2017-05-07T20:22:25.018+0800: 40.500: [GC (Allocation Failure) [PSYoungGen: 696253K->413K(697344K)] 739685K->43845K(2095616K), 0.0008882 secs] [Times: user=0.00 sys=0.00, real=0.00 secs] 
2017-05-07T20:22:25.207+0800: 40.688: [GC (Allocation Failure) [PSYoungGen: 696221K->434K(697344K)] 739653K->43867K(2095616K), 0.0010003 secs] [Times: user=0.00 sys=0.00, real=0.00 secs] 
2017-05-07T20:22:25.397+0800: 40.878: [GC (Allocation Failure) [PSYoungGen: 696242K->402K(697344K)] 739675K->43835K(2095616K), 0.0007566 secs] [Times: user=0.00 sys=0.00, real=0.00 secs] 
2017-05-07T20:22:25.586+0800: 41.067: [GC (Allocation Failure) [PSYoungGen: 696210K->392K(697856K)] 739643K->43824K(2096128K), 0.0007343 secs] [Times: user=0.00 sys=0.00, real=0.00 secs] 
2017-05-07T20:22:25.775+0800: 41.256: [GC (Allocation Failure) [PSYoungGen: 696712K->434K(697344K)] 740144K->43867K(2095616K), 0.0007226 secs] [Times: user=0.00 sys=0.00, real=0.00 secs] 
2017-05-07T20:22:25.965+0800: 41.447: [GC (Allocation Failure) [PSYoungGen: 696754K->360K(697856K)] 740187K->43792K(2096128K), 0.0006223 secs] [Times: user=0.00 sys=0.00, real=0.01 secs] 
2017-05-07T20:22:26.153+0800: 41.634: [GC (Allocation Failure) [PSYoungGen: 697192K->466K(697856K)] 740624K->43899K(2096128K), 0.0007776 secs] [Times: user=0.00 sys=0.00, real=0.00 secs] 
2017-05-07T20:22:26.347+0800: 41.828: [GC (Allocation Failure) [PSYoungGen: 697298K->402K(697856K)] 740731K->43835K(2096128K), 0.0007033 secs] [Times: user=0.00 sys=0.00, real=0.00 secs] 
2017-05-07T20:22:26.537+0800: 42.019: [GC (Allocation Failure) [PSYoungGen: 697234K->318K(697856K)] 740667K->43750K(2096128K), 0.0006165 secs] [Times: user=0.00 sys=0.00, real=0.00 secs] 
2017-05-07T20:22:26.725+0800: 42.207: [GC (Allocation Failure) [PSYoungGen: 697150K->424K(697856K)] 740582K->43856K(2096128K), 0.0006492 secs] [Times: user=0.00 sys=0.00, real=0.01 secs] 
2017-05-07T20:22:26.914+0800: 42.396: [GC (Allocation Failure) [PSYoungGen: 697256K->1017K(697856K)] 740688K->48151K(2096128K), 0.0020870 secs] [Times: user=0.00 sys=0.00, real=0.00 secs] 
2017-05-07T20:22:27.106+0800: 42.587: [GC (Allocation Failure) [PSYoungGen: 697778K->466K(694784K)] 744912K->48242K(2093056K), 0.0009777 secs] [Times: user=0.00 sys=0.00, real=0.01 secs] 
2017-05-07T20:22:27.298+0800: 42.779: [GC (Allocation Failure) [PSYoungGen: 694226K->360K(696320K)] 742002K->48135K(2094592K), 0.0007253 secs] [Times: user=0.00 sys=0.00, real=0.00 secs] 
2017-05-07T20:22:27.489+0800: 42.970: [GC (Allocation Failure) [PSYoungGen: 694120K->402K(696320K)] 741895K->48178K(2094592K), 0.0011248 secs] [Times: user=0.00 sys=0.00, real=0.00 secs] 
2017-05-07T20:22:27.677+0800: 43.158: [GC (Allocation Failure) [PSYoungGen: 694162K->445K(696320K)] 741938K->48220K(2094592K), 0.0008386 secs] [Times: user=0.00 sys=0.00, real=0.00 secs] 
2017-05-07T20:22:27.861+0800: 43.342: [GC (Allocation Failure) [PSYoungGen: 694205K->445K(696832K)] 741980K->48220K(2095104K), 0.0007896 secs] [Times: user=0.00 sys=0.00, real=0.00 secs] 
2017-05-07T20:22:28.054+0800: 43.535: [GC (Allocation Failure) [PSYoungGen: 695184K->434K(696832K)] 742959K->48210K(2095104K), 0.0007132 secs] [Times: user=0.00 sys=0.00, real=0.01 secs] 
2017-05-07T20:22:28.243+0800: 43.724: [GC (Allocation Failure) [PSYoungGen: 695218K->424K(696832K)] 742994K->48199K(2095104K), 0.0008064 secs] [Times: user=0.00 sys=0.00, real=0.00 secs] 
2017-05-07T20:22:28.428+0800: 43.909: [GC (Allocation Failure) [PSYoungGen: 695188K->392K(696832K)] 742964K->48167K(2095104K), 0.0007622 secs] [Times: user=0.01 sys=0.00, real=0.00 secs] 
2017-05-07T20:22:28.628+0800: 44.110: [GC (Allocation Failure) [PSYoungGen: 695176K->445K(696832K)] 742951K->48220K(2095104K), 0.0008267 secs] [Times: user=0.00 sys=0.00, real=0.00 secs] 
2017-05-07T20:22:28.819+0800: 44.300: [GC (Allocation Failure) [PSYoungGen: 695200K->413K(696832K)] 742976K->48188K(2095104K), 0.0007035 secs] [Times: user=0.00 sys=0.00, real=0.00 secs] 
2017-05-07T20:22:28.999+0800: 44.480: [GC (Allocation Failure) [PSYoungGen: 695173K->424K(697344K)] 742948K->48199K(2095616K), 0.0006742 secs] [Times: user=0.00 sys=0.00, real=0.00 secs] 
2017-05-07T20:22:29.152+0800: 44.633: [GC (Allocation Failure) [PSYoungGen: 695720K->191K(696832K)] 743495K->48151K(2095104K), 0.0007652 secs] [Times: user=0.00 sys=0.00, real=0.00 secs] 
2017-05-07T20:22:29.332+0800: 44.814: [GC (Allocation Failure) [PSYoungGen: 695487K->275K(697344K)] 743447K->48329K(2095616K), 0.0007387 secs] [Times: user=0.00 sys=0.00, real=0.00 secs] 
2017-05-07T20:22:29.512+0800: 44.994: [GC (Allocation Failure) [PSYoungGen: 696070K->275K(697344K)] 744124K->48337K(2095616K), 0.0007363 secs] [Times: user=0.00 sys=0.00, real=0.00 secs] 
2017-05-07T20:22:29.693+0800: 45.174: [GC (Allocation Failure) [PSYoungGen: 696083K->445K(697344K)] 744145K->48549K(2095616K), 0.0007446 secs] [Times: user=0.00 sys=0.00, real=0.00 secs] 
2017-05-07T20:22:29.876+0800: 45.357: [GC (Allocation Failure) [PSYoungGen: 696253K->477K(697344K)] 744357K->48581K(2095616K), 0.0007860 secs] [Times: user=0.00 sys=0.00, real=0.00 secs] 
2017-05-07T20:22:30.058+0800: 45.539: [GC (Allocation Failure) [PSYoungGen: 696285K->466K(697344K)] 744389K->48570K(2095616K), 0.0006275 secs] [Times: user=0.00 sys=0.00, real=0.00 secs] 
2017-05-07T20:22:30.248+0800: 45.729: [GC (Allocation Failure) [PSYoungGen: 696274K->424K(697344K)] 744378K->48528K(2095616K), 0.0006976 secs] [Times: user=0.00 sys=0.00, real=0.00 secs] 
2017-05-07T20:22:30.438+0800: 45.919: [GC (Allocation Failure) [PSYoungGen: 696229K->360K(697856K)] 744333K->48464K(2096128K), 0.0006563 secs] [Times: user=0.00 sys=0.00, real=0.00 secs] 
2017-05-07T20:22:30.626+0800: 46.108: [GC (Allocation Failure) [PSYoungGen: 696680K->445K(697344K)] 744784K->48549K(2095616K), 0.0008234 secs] [Times: user=0.00 sys=0.00, real=0.00 secs] 
2017-05-07T20:22:30.806+0800: 46.288: [GC (Allocation Failure) [PSYoungGen: 696765K->466K(697856K)] 744869K->48570K(2096128K), 0.0006744 secs] [Times: user=0.01 sys=0.00, real=0.00 secs] 
2017-05-07T20:22:30.996+0800: 46.478: [GC (Allocation Failure) [PSYoungGen: 697298K->392K(697856K)] 745402K->48496K(2096128K), 0.0007341 secs] [Times: user=0.00 sys=0.00, real=0.00 secs] 
2017-05-07T20:22:31.188+0800: 46.669: [GC (Allocation Failure) [PSYoungGen: 697224K->509K(697856K)] 745328K->48613K(2096128K), 0.0006296 secs] [Times: user=0.01 sys=0.00, real=0.00 secs] 
2017-05-07T20:22:31.374+0800: 46.856: [GC (Allocation Failure) [PSYoungGen: 697341K->318K(697856K)] 745445K->48472K(2096128K), 0.0007986 secs] [Times: user=0.00 sys=0.00, real=0.00 secs] 
2017-05-07T20:22:32.508+0800: 47.990: [GC (Allocation Failure) [PSYoungGen: 697150K->1007K(694784K)] 745304K->52897K(2093056K), 0.0023202 secs] [Times: user=0.00 sys=0.00, real=0.00 secs] 
2017-05-07T20:22:32.640+0800: 48.121: [GC (Allocation Failure) [PSYoungGen: 694767K->339K(696320K)] 746657K->52937K(2094592K), 0.0013135 secs] [Times: user=0.00 sys=0.00, real=0.00 secs] 
2017-05-07T20:22:32.746+0800: 48.227: [GC (Allocation Failure) [PSYoungGen: 694099K->243K(696320K)] 746697K->52849K(2094592K), 0.0008943 secs] [Times: user=0.00 sys=0.00, real=0.00 secs] 
2017-05-07T20:22:32.844+0800: 48.325: [GC (Allocation Failure) [PSYoungGen: 694003K->402K(696320K)] 746609K->53009K(2094592K), 0.0008350 secs] [Times: user=0.00 sys=0.00, real=0.00 secs] 
2017-05-07T20:22:32.942+0800: 48.423: [GC (Allocation Failure) [PSYoungGen: 694162K->233K(696320K)] 746769K->52847K(2094592K), 0.0008964 secs] [Times: user=0.00 sys=0.00, real=0.00 secs] 
2017-05-07T20:22:33.038+0800: 48.519: [GC (Allocation Failure) [PSYoungGen: 693954K->106K(696320K)] 746568K->52720K(2094592K), 0.0006908 secs] [Times: user=0.00 sys=0.00, real=0.00 secs] 
2017-05-07T20:22:33.129+0800: 48.610: [GC (Allocation Failure) [PSYoungGen: 693866K->275K(696832K)] 746480K->52889K(2095104K), 0.0008230 secs] [Times: user=0.01 sys=0.00, real=0.00 secs] 
2017-05-07T20:22:33.222+0800: 48.704: [GC (Allocation Failure) [PSYoungGen: 694530K->233K(696320K)] 747144K->52847K(2094592K), 0.0008367 secs] [Times: user=0.01 sys=0.00, real=0.00 secs] 
2017-05-07T20:22:33.317+0800: 48.799: [GC (Allocation Failure) [PSYoungGen: 694505K->360K(696832K)] 747119K->52974K(2095104K), 0.0010574 secs] [Times: user=0.00 sys=0.00, real=0.00 secs] 
2017-05-07T20:22:33.411+0800: 48.893: [GC (Allocation Failure) [PSYoungGen: 695144K->191K(696832K)] 747758K->52805K(2095104K), 0.0006881 secs] [Times: user=0.00 sys=0.00, real=0.00 secs] 
2017-05-07T20:22:33.522+0800: 49.004: [GC (Allocation Failure) [PSYoungGen: 694920K->445K(696832K)] 747534K->53059K(2095104K), 0.0007742 secs] [Times: user=0.00 sys=0.00, real=0.00 secs] 
2017-05-07T20:22:33.621+0800: 49.102: [GC (Allocation Failure) [PSYoungGen: 695229K->148K(696832K)] 747843K->52762K(2095104K), 0.0006680 secs] [Times: user=0.01 sys=0.00, real=0.00 secs] 
2017-05-07T20:22:33.717+0800: 49.198: [GC (Allocation Failure) [PSYoungGen: 694932K->275K(697344K)] 747546K->52889K(2095616K), 0.0007118 secs] [Times: user=0.00 sys=0.00, real=0.00 secs] 
2017-05-07T20:22:33.832+0800: 49.314: [GC (Allocation Failure) [PSYoungGen: 695571K->318K(696832K)] 748185K->52932K(2095104K), 0.0007661 secs] [Times: user=0.00 sys=0.00, real=0.00 secs] 
2017-05-07T20:22:33.934+0800: 49.416: [GC (Allocation Failure) [PSYoungGen: 695579K->159K(697344K)] 748193K->52773K(2095616K), 0.0015667 secs] [Times: user=0.01 sys=0.00, real=0.00 secs] 
2017-05-07T20:22:34.049+0800: 49.530: [GC (Allocation Failure) [PSYoungGen: 695967K->370K(697344K)] 748581K->52985K(2095616K), 0.0011591 secs] [Times: user=0.00 sys=0.00, real=0.00 secs] 
2017-05-07T20:22:34.148+0800: 49.629: [GC (Allocation Failure) [PSYoungGen: 696178K->201K(697344K)] 748793K->52815K(2095616K), 0.0008153 secs] [Times: user=0.00 sys=0.00, real=0.00 secs] 
2017-05-07T20:22:34.241+0800: 49.722: [GC (Allocation Failure) [PSYoungGen: 696009K->116K(697344K)] 748623K->52730K(2095616K), 0.0008262 secs] [Times: user=0.00 sys=0.00, real=0.00 secs] 
2017-05-07T20:22:34.338+0800: 49.819: [GC (Allocation Failure) [PSYoungGen: 695924K->159K(697344K)] 748538K->52773K(2095616K), 0.0006976 secs] [Times: user=0.00 sys=0.00, real=0.00 secs] 
2017-05-07T20:22:34.433+0800: 49.914: [GC (Allocation Failure) [PSYoungGen: 695967K->116K(697344K)] 748581K->52730K(2095616K), 0.0011145 secs] [Times: user=0.00 sys=0.00, real=0.00 secs] 
2017-05-07T20:22:34.528+0800: 50.009: [GC (Allocation Failure) [PSYoungGen: 695924K->529K(697344K)] 748538K->53144K(2095616K), 0.0008655 secs] [Times: user=0.00 sys=0.00, real=0.00 secs] 
2017-05-07T20:22:34.625+0800: 50.106: [GC (Allocation Failure) [PSYoungGen: 696303K->116K(697344K)] 748917K->52730K(2095616K), 0.0008693 secs] [Times: user=0.00 sys=0.00, real=0.00 secs] 
2017-05-07T20:22:34.721+0800: 50.202: [GC (Allocation Failure) [PSYoungGen: 695924K->360K(697856K)] 748538K->52974K(2096128K), 0.0007520 secs] [Times: user=0.00 sys=0.00, real=0.00 secs] 
2017-05-07T20:22:34.814+0800: 50.295: [GC (Allocation Failure) [PSYoungGen: 696680K->233K(697344K)] 749294K->52847K(2095616K), 0.0006860 secs] [Times: user=0.00 sys=0.00, real=0.01 secs] 
2017-05-07T20:22:34.913+0800: 50.394: [GC (Allocation Failure) [PSYoungGen: 696553K->1017K(696832K)] 749167K->57105K(2095104K), 0.0025339 secs] [Times: user=0.00 sys=0.01, real=0.01 secs] 
2017-05-07T20:22:35.040+0800: 50.521: [GC (Allocation Failure) [PSYoungGen: 696818K->350K(697344K)] 752907K->57259K(2095616K), 0.0011476 secs] [Times: user=0.00 sys=0.00, real=0.00 secs] 
2017-05-07T20:22:35.171+0800: 50.652: [GC (Allocation Failure) [PSYoungGen: 696158K->148K(697344K)] 753067K->57105K(2095616K), 0.0009290 secs] [Times: user=0.01 sys=0.00, real=0.00 secs] 
2017-05-07T20:22:35.270+0800: 50.752: [GC (Allocation Failure) [PSYoungGen: 695956K->243K(697344K)] 752913K->57201K(2095616K), 0.0007340 secs] [Times: user=0.00 sys=0.00, real=0.00 secs] 
2017-05-07T20:22:35.367+0800: 50.848: [GC (Allocation Failure) [PSYoungGen: 696051K->275K(697856K)] 753009K->57233K(2096128K), 0.0008397 secs] [Times: user=0.00 sys=0.00, real=0.00 secs] 
2017-05-07T20:22:35.462+0800: 50.944: [GC (Allocation Failure) [PSYoungGen: 697107K->159K(697856K)] 754065K->57116K(2096128K), 0.0008009 secs] [Times: user=0.00 sys=0.00, real=0.00 secs] 
2017-05-07T20:22:35.559+0800: 51.041: [GC (Allocation Failure) [PSYoungGen: 696991K->148K(697856K)] 753948K->57105K(2096128K), 0.0007213 secs] [Times: user=0.00 sys=0.00, real=0.00 secs] 
2017-05-07T20:22:35.658+0800: 51.139: [GC (Allocation Failure) [PSYoungGen: 696980K->106K(697856K)] 753937K->57063K(2096128K), 0.0007318 secs] [Times: user=0.01 sys=0.00, real=0.00 secs] 
2017-05-07T20:22:35.754+0800: 51.236: [GC (Allocation Failure) [PSYoungGen: 696938K->159K(697856K)] 753895K->57116K(2096128K), 0.0011489 secs] [Times: user=0.00 sys=0.00, real=0.00 secs] 
2017-05-07T20:22:35.848+0800: 51.330: [GC (Allocation Failure) [PSYoungGen: 696991K->74K(697856K)] 753948K->57039K(2096128K), 0.0013684 secs] [Times: user=0.00 sys=0.00, real=0.00 secs] 
2017-05-07T20:22:35.945+0800: 51.426: [GC (Allocation Failure) [PSYoungGen: 696906K->233K(697856K)] 753871K->57198K(2096128K), 0.0008006 secs] [Times: user=0.00 sys=0.00, real=0.00 secs] 
2017-05-07T20:22:36.039+0800: 51.521: [GC (Allocation Failure) [PSYoungGen: 697065K->233K(697856K)] 754030K->57198K(2096128K), 0.0006259 secs] [Times: user=0.00 sys=0.00, real=0.00 secs] 
2017-05-07T20:22:36.136+0800: 51.618: [GC (Allocation Failure) [PSYoungGen: 697065K->148K(697856K)] 754030K->57113K(2096128K), 0.0007375 secs] [Times: user=0.00 sys=0.00, real=0.00 secs] 
2017-05-07T20:22:36.230+0800: 51.711: [GC (Allocation Failure) [PSYoungGen: 696978K->116K(697856K)] 753943K->57089K(2096128K), 0.0017498 secs] [Times: user=0.00 sys=0.00, real=0.00 secs] 
2017-05-07T20:22:36.326+0800: 51.808: [GC (Allocation Failure) [PSYoungGen: 696948K->307K(697856K)] 753921K->57281K(2096128K), 0.0006375 secs] [Times: user=0.00 sys=0.00, real=0.00 secs] 
2017-05-07T20:22:36.420+0800: 51.902: [GC (Allocation Failure) [PSYoungGen: 697139K->159K(697856K)] 754113K->57132K(2096128K), 0.0009401 secs] [Times: user=0.00 sys=0.00, real=0.00 secs] 
2017-05-07T20:22:36.517+0800: 51.998: [GC (Allocation Failure) [PSYoungGen: 696991K->148K(697856K)] 753964K->57121K(2096128K), 0.0007483 secs] [Times: user=0.00 sys=0.00, real=0.00 secs] 
2017-05-07T20:22:36.611+0800: 52.092: [GC (Allocation Failure) [PSYoungGen: 696980K->148K(697856K)] 753953K->57121K(2096128K), 0.0007510 secs] [Times: user=0.00 sys=0.00, real=0.00 secs] 
2017-05-07T20:22:36.698+0800: 52.179: [GC (Allocation Failure) [PSYoungGen: 696943K->561K(697856K)] 753916K->57535K(2096128K), 0.0008138 secs] [Times: user=0.00 sys=0.01, real=0.00 secs] 
2017-05-07T20:22:36.787+0800: 52.269: [GC (Allocation Failure) [PSYoungGen: 697393K->116K(697856K)] 754367K->57089K(2096128K), 0.0006552 secs] [Times: user=0.00 sys=0.00, real=0.00 secs] 
2017-05-07T20:22:36.869+0800: 52.351: [GC (Allocation Failure) [PSYoungGen: 696948K->106K(697856K)] 753921K->57079K(2096128K), 0.0010221 secs] [Times: user=0.00 sys=0.00, real=0.00 secs] 
2017-05-07T20:22:36.954+0800: 52.436: [GC (Allocation Failure) [PSYoungGen: 696938K->159K(697856K)] 753911K->57140K(2096128K), 0.0005951 secs] [Times: user=0.00 sys=0.00, real=0.00 secs] 
2017-05-07T20:22:37.040+0800: 52.521: [GC (Allocation Failure) [PSYoungGen: 696991K->201K(697856K)] 753972K->57182K(2096128K), 0.0006552 secs] [Times: user=0.00 sys=0.00, real=0.00 secs] 
2017-05-07T20:22:37.123+0800: 52.604: [GC (Allocation Failure) [PSYoungGen: 697033K->307K(697856K)] 754014K->57289K(2096128K), 0.0007121 secs] [Times: user=0.01 sys=0.00, real=0.00 secs] 
2017-05-07T20:22:37.208+0800: 52.690: [GC (Allocation Failure) [PSYoungGen: 697104K->243K(697856K)] 754086K->57233K(2096128K), 0.0011620 secs] [Times: user=0.00 sys=0.00, real=0.00 secs] 
2017-05-07T20:22:37.297+0800: 52.778: [GC (Allocation Failure) [PSYoungGen: 697075K->1017K(697856K)] 754065K->61412K(2096128K), 0.0022561 secs] [Times: user=0.00 sys=0.01, real=0.00 secs] 
2017-05-07T20:22:37.382+0800: 52.864: [GC (Allocation Failure) [PSYoungGen: 697837K->148K(695808K)] 758232K->61438K(2094080K), 0.0008477 secs] [Times: user=0.00 sys=0.00, real=0.00 secs] 
2017-05-07T20:22:37.472+0800: 52.953: [GC (Allocation Failure) [PSYoungGen: 694932K->159K(696832K)] 756222K->61449K(2095104K), 0.0010224 secs] [Times: user=0.00 sys=0.00, real=0.00 secs] 
2017-05-07T20:22:37.578+0800: 53.060: [GC (Allocation Failure) [PSYoungGen: 694943K->148K(696832K)] 756233K->61438K(2095104K), 0.0008160 secs] [Times: user=0.00 sys=0.00, real=0.00 secs] 
2017-05-07T20:22:37.677+0800: 53.159: [GC (Allocation Failure) [PSYoungGen: 694932K->255K(696832K)] 756222K->61553K(2095104K), 0.0006710 secs] [Times: user=0.00 sys=0.00, real=0.00 secs] 
2017-05-07T20:22:37.775+0800: 53.257: [GC (Allocation Failure) [PSYoungGen: 695033K->339K(696832K)] 756331K->61637K(2095104K), 0.0008009 secs] [Times: user=0.00 sys=0.00, real=0.00 secs] 
2017-05-07T20:22:37.874+0800: 53.355: [GC (Allocation Failure) [PSYoungGen: 695123K->191K(696832K)] 756421K->61497K(2095104K), 0.0007646 secs] [Times: user=0.00 sys=0.00, real=0.00 secs] 
2017-05-07T20:22:37.973+0800: 53.454: [GC (Allocation Failure) [PSYoungGen: 694975K->318K(697344K)] 756281K->61624K(2095616K), 0.0007499 secs] [Times: user=0.00 sys=0.00, real=0.00 secs] 
2017-05-07T20:22:38.070+0800: 53.552: [GC (Allocation Failure) [PSYoungGen: 695614K->201K(696832K)] 756920K->61507K(2095104K), 0.0010960 secs] [Times: user=0.00 sys=0.00, real=0.00 secs] 
2017-05-07T20:22:38.170+0800: 53.651: [GC (Allocation Failure) [PSYoungGen: 695497K->318K(697344K)] 756803K->61624K(2095616K), 0.0008065 secs] [Times: user=0.00 sys=0.00, real=0.00 secs] 
2017-05-07T20:22:38.263+0800: 53.744: [GC (Allocation Failure) [PSYoungGen: 696126K->275K(697344K)] 757432K->61581K(2095616K), 0.0007747 secs] [Times: user=0.00 sys=0.00, real=0.00 secs] 
2017-05-07T20:22:38.358+0800: 53.840: [GC (Allocation Failure) [PSYoungGen: 696083K->159K(697344K)] 757389K->61473K(2095616K), 0.0009163 secs] [Times: user=0.00 sys=0.00, real=0.00 secs] 
2017-05-07T20:22:38.454+0800: 53.935: [GC (Allocation Failure) [PSYoungGen: 695967K->159K(697344K)] 757281K->61473K(2095616K), 0.0006789 secs] [Times: user=0.00 sys=0.00, real=0.01 secs] 
2017-05-07T20:22:38.550+0800: 54.032: [GC (Allocation Failure) [PSYoungGen: 695944K->360K(697344K)] 757258K->61674K(2095616K), 0.0007788 secs] [Times: user=0.00 sys=0.00, real=0.00 secs] 
2017-05-07T20:22:38.647+0800: 54.128: [GC (Allocation Failure) [PSYoungGen: 696166K->148K(697344K)] 757480K->61470K(2095616K), 0.0015891 secs] [Times: user=0.00 sys=0.00, real=0.00 secs] 
2017-05-07T20:22:38.742+0800: 54.223: [GC (Allocation Failure) [PSYoungGen: 695956K->180K(697856K)] 757278K->61502K(2096128K), 0.0006406 secs] [Times: user=0.00 sys=0.01, real=0.00 secs] 
2017-05-07T20:22:38.838+0800: 54.319: [GC (Allocation Failure) [PSYoungGen: 696500K->74K(697344K)] 757822K->61412K(2095616K), 0.0007339 secs] [Times: user=0.01 sys=0.00, real=0.00 secs] 
2017-05-07T20:22:38.934+0800: 54.415: [GC (Allocation Failure) [PSYoungGen: 696394K->191K(697856K)] 757732K->61529K(2096128K), 0.0006436 secs] [Times: user=0.00 sys=0.00, real=0.01 secs] 
2017-05-07T20:22:39.032+0800: 54.513: [GC (Allocation Failure) [PSYoungGen: 697013K->307K(697856K)] 758351K->61645K(2096128K), 0.0007374 secs] [Times: user=0.00 sys=0.00, real=0.00 secs] 
2017-05-07T20:22:39.126+0800: 54.607: [GC (Allocation Failure) [PSYoungGen: 697100K->233K(697856K)] 758438K->61571K(2096128K), 0.0026045 secs] [Times: user=0.01 sys=0.00, real=0.00 secs] 
2017-05-07T20:22:39.222+0800: 54.703: [GC (Allocation Failure) [PSYoungGen: 697065K->360K(697856K)] 758403K->61706K(2096128K), 0.0008051 secs] [Times: user=0.00 sys=0.00, real=0.00 secs] 
2017-05-07T20:22:39.316+0800: 54.797: [GC (Allocation Failure) [PSYoungGen: 697150K->275K(697856K)] 758496K->61621K(2096128K), 0.0010440 secs] [Times: user=0.01 sys=0.00, real=0.00 secs] 
2017-05-07T20:22:39.411+0800: 54.893: [GC (Allocation Failure) [PSYoungGen: 697107K->159K(697856K)] 758453K->61513K(2096128K), 0.0006236 secs] [Times: user=0.00 sys=0.00, real=0.00 secs] 
2017-05-07T20:22:39.506+0800: 54.988: [GC (Allocation Failure) [PSYoungGen: 696991K->159K(697856K)] 758345K->61513K(2096128K), 0.0008567 secs] [Times: user=0.00 sys=0.00, real=0.00 secs] 
2017-05-07T20:22:39.602+0800: 55.083: [GC (Allocation Failure) [PSYoungGen: 696991K->191K(697856K)] 758345K->61545K(2096128K), 0.0010856 secs] [Times: user=0.00 sys=0.00, real=0.00 secs] 
2017-05-07T20:22:39.708+0800: 55.190: [GC (Allocation Failure) [PSYoungGen: 697023K->1017K(694784K)] 758377K->66031K(2093056K), 0.0030562 secs] [Times: user=0.00 sys=0.01, real=0.00 secs] 
2017-05-07T20:22:39.804+0800: 55.285: [GC (Allocation Failure) [PSYoungGen: 694777K->360K(696320K)] 759791K->66031K(2094592K), 0.0015926 secs] [Times: user=0.00 sys=0.00, real=0.00 secs] 
2017-05-07T20:22:39.917+0800: 55.398: [GC (Allocation Failure) [PSYoungGen: 694120K->148K(696320K)] 759791K->65819K(2094592K), 0.0008333 secs] [Times: user=0.00 sys=0.00, real=0.00 secs] 
2017-05-07T20:22:40.018+0800: 55.500: [GC (Allocation Failure) [PSYoungGen: 693908K->275K(696320K)] 759579K->65946K(2094592K), 0.0009167 secs] [Times: user=0.01 sys=0.00, real=0.00 secs] 
2017-05-07T20:22:40.118+0800: 55.599: [GC (Allocation Failure) [PSYoungGen: 694032K->275K(696832K)] 759702K->65946K(2095104K), 0.0006676 secs] [Times: user=0.00 sys=0.00, real=0.00 secs] 
2017-05-07T20:22:40.215+0800: 55.696: [GC (Allocation Failure) [PSYoungGen: 695059K->275K(696832K)] 760730K->65954K(2095104K), 0.0007715 secs] [Times: user=0.01 sys=0.00, real=0.00 secs] 
2017-05-07T20:22:40.310+0800: 55.792: [GC (Allocation Failure) [PSYoungGen: 695050K->148K(696832K)] 760729K->65827K(2095104K), 0.0007399 secs] [Times: user=0.00 sys=0.00, real=0.00 secs] 
2017-05-07T20:22:40.408+0800: 55.889: [GC (Allocation Failure) [PSYoungGen: 694932K->191K(696832K)] 760611K->65877K(2095104K), 0.0012238 secs] [Times: user=0.00 sys=0.00, real=0.00 secs] 
2017-05-07T20:22:40.506+0800: 55.987: [GC (Allocation Failure) [PSYoungGen: 694975K->275K(696832K)] 760661K->65962K(2095104K), 0.0008010 secs] [Times: user=0.00 sys=0.00, real=0.00 secs] 
2017-05-07T20:22:40.606+0800: 56.087: [GC (Allocation Failure) [PSYoungGen: 695059K->116K(696832K)] 760746K->65803K(2095104K), 0.0012527 secs] [Times: user=0.00 sys=0.00, real=0.00 secs] 
2017-05-07T20:22:40.702+0800: 56.184: [GC (Allocation Failure) [PSYoungGen: 694876K->191K(697344K)] 760562K->65877K(2095616K), 0.0022551 secs] [Times: user=0.00 sys=0.00, real=0.00 secs] 
2017-05-07T20:22:40.799+0800: 56.280: [GC (Allocation Failure) [PSYoungGen: 695968K->116K(697344K)] 761655K->65803K(2095616K), 0.0012594 secs] [Times: user=0.00 sys=0.00, real=0.00 secs] 
2017-05-07T20:22:40.894+0800: 56.376: [GC (Allocation Failure) [PSYoungGen: 695924K->32K(697344K)] 761611K->65718K(2095616K), 0.0009454 secs] [Times: user=0.00 sys=0.00, real=0.00 secs] 
2017-05-07T20:22:40.992+0800: 56.474: [GC (Allocation Failure) [PSYoungGen: 695840K->191K(697344K)] 761526K->65877K(2095616K), 0.0008727 secs] [Times: user=0.00 sys=0.00, real=0.00 secs] 
2017-05-07T20:22:41.088+0800: 56.569: [GC (Allocation Failure) [PSYoungGen: 695999K->233K(697344K)] 761685K->65928K(2095616K), 0.0008607 secs] [Times: user=0.00 sys=0.00, real=0.00 secs] 
2017-05-07T20:22:41.182+0800: 56.664: [GC (Allocation Failure) [PSYoungGen: 696041K->275K(697344K)] 761736K->65970K(2095616K), 0.0008755 secs] [Times: user=0.01 sys=0.00, real=0.00 secs] 
2017-05-07T20:22:41.278+0800: 56.760: [GC (Allocation Failure) [PSYoungGen: 696065K->275K(697856K)] 761760K->65970K(2096128K), 0.0007611 secs] [Times: user=0.00 sys=0.00, real=0.00 secs] 
2017-05-07T20:22:41.374+0800: 56.855: [GC (Allocation Failure) [PSYoungGen: 696595K->106K(697344K)] 762290K->65801K(2095616K), 0.0008119 secs] [Times: user=0.00 sys=0.00, real=0.00 secs] 
2017-05-07T20:22:41.469+0800: 56.950: [GC (Allocation Failure) [PSYoungGen: 696403K->201K(697856K)] 762098K->65896K(2096128K), 0.0008887 secs] [Times: user=0.00 sys=0.00, real=0.00 secs] 
2017-05-07T20:22:41.567+0800: 57.049: [GC (Allocation Failure) [PSYoungGen: 697033K->74K(697856K)] 762728K->65769K(2096128K), 0.0007795 secs] [Times: user=0.00 sys=0.00, real=0.00 secs] 
2017-05-07T20:22:41.664+0800: 57.145: [GC (Allocation Failure) [PSYoungGen: 696906K->116K(697856K)] 762601K->65819K(2096128K), 0.0007966 secs] [Times: user=0.00 sys=0.00, real=0.00 secs] 
2017-05-07T20:22:41.756+0800: 57.237: [GC (Allocation Failure) [PSYoungGen: 696948K->148K(697856K)] 762651K->65851K(2096128K), 0.0008548 secs] [Times: user=0.00 sys=0.00, real=0.00 secs] 
2017-05-07T20:22:41.850+0800: 57.331: [GC (Allocation Failure) [PSYoungGen: 696980K->350K(697856K)] 762683K->66052K(2096128K), 0.0007920 secs] [Times: user=0.00 sys=0.00, real=0.00 secs] 
2017-05-07T20:22:41.946+0800: 57.427: [GC (Allocation Failure) [PSYoungGen: 697182K->106K(697856K)] 762884K->65809K(2096128K), 0.0009803 secs] [Times: user=0.00 sys=0.00, real=0.00 secs] 
2017-05-07T20:22:42.047+0800: 57.529: [GC (Allocation Failure) [PSYoungGen: 696938K->1017K(694784K)] 762641K->70168K(2093056K), 0.0018856 secs] [Times: user=0.00 sys=0.00, real=0.00 secs] 
2017-05-07T20:22:42.144+0800: 57.626: [GC (Allocation Failure) [PSYoungGen: 694744K->191K(696320K)] 763895K->70210K(2094592K), 0.0012925 secs] [Times: user=0.01 sys=0.00, real=0.00 secs] 
2017-05-07T20:22:42.246+0800: 57.727: [GC (Allocation Failure) [PSYoungGen: 693951K->328K(696320K)] 763970K->70347K(2094592K), 0.0012709 secs] [Times: user=0.01 sys=0.00, real=0.00 secs] 
2017-05-07T20:22:42.357+0800: 57.838: [GC (Allocation Failure) [PSYoungGen: 694088K->275K(696320K)] 764107K->70295K(2094592K), 0.0008467 secs] [Times: user=0.00 sys=0.00, real=0.00 secs] 
2017-05-07T20:22:42.457+0800: 57.938: [GC (Allocation Failure) [PSYoungGen: 694035K->233K(696832K)] 764055K->70252K(2095104K), 0.0007158 secs] [Times: user=0.00 sys=0.00, real=0.00 secs] 
2017-05-07T20:22:42.555+0800: 58.036: [GC (Allocation Failure) [PSYoungGen: 695017K->243K(696832K)] 765036K->70263K(2095104K), 0.0013369 secs] [Times: user=0.00 sys=0.00, real=0.00 secs] 
2017-05-07T20:22:42.656+0800: 58.138: [GC (Allocation Failure) [PSYoungGen: 695027K->424K(696832K)] 765047K->70443K(2095104K), 0.0007622 secs] [Times: user=0.00 sys=0.00, real=0.00 secs] 
2017-05-07T20:22:42.754+0800: 58.236: [GC (Allocation Failure) [PSYoungGen: 695187K->466K(696832K)] 765206K->70486K(2095104K), 0.0014799 secs] [Times: user=0.00 sys=0.00, real=0.00 secs] 
2017-05-07T20:22:42.850+0800: 58.331: [GC (Allocation Failure) [PSYoungGen: 695250K->148K(697344K)] 765270K->70176K(2095616K), 0.0006972 secs] [Times: user=0.00 sys=0.00, real=0.00 secs] 
2017-05-07T20:22:42.947+0800: 58.428: [GC (Allocation Failure) [PSYoungGen: 695413K->148K(696832K)] 765441K->70176K(2095104K), 0.0007791 secs] [Times: user=0.01 sys=0.00, real=0.00 secs] 
2017-05-07T20:22:43.044+0800: 58.525: [GC (Allocation Failure) [PSYoungGen: 695430K->233K(697344K)] 765457K->70260K(2095616K), 0.0008124 secs] [Times: user=0.01 sys=0.00, real=0.00 secs] 
2017-05-07T20:22:43.136+0800: 58.618: [GC (Allocation Failure) [PSYoungGen: 696041K->233K(697344K)] 766068K->70260K(2095616K), 0.0007927 secs] [Times: user=0.00 sys=0.00, real=0.00 secs] 
2017-05-07T20:22:43.231+0800: 58.713: [GC (Allocation Failure) [PSYoungGen: 696041K->138K(697344K)] 766068K->70165K(2095616K), 0.0007984 secs] [Times: user=0.00 sys=0.00, real=0.00 secs] 
2017-05-07T20:22:43.326+0800: 58.807: [GC (Allocation Failure) [PSYoungGen: 695943K->275K(697344K)] 765971K->70303K(2095616K), 0.0007511 secs] [Times: user=0.00 sys=0.00, real=0.00 secs] 
2017-05-07T20:22:43.422+0800: 58.903: [GC (Allocation Failure) [PSYoungGen: 696083K->350K(697344K)] 766111K->70377K(2095616K), 0.0006917 secs] [Times: user=0.00 sys=0.00, real=0.00 secs] 
2017-05-07T20:22:43.515+0800: 58.997: [GC (Allocation Failure) [PSYoungGen: 696120K->561K(697344K)] 766148K->70589K(2095616K), 0.0008265 secs] [Times: user=0.00 sys=0.00, real=0.00 secs] 
2017-05-07T20:22:43.612+0800: 59.093: [GC (Allocation Failure) [PSYoungGen: 696369K->191K(697344K)] 766397K->70218K(2095616K), 0.0010151 secs] [Times: user=0.00 sys=0.00, real=0.00 secs] 
2017-05-07T20:22:43.709+0800: 59.190: [GC (Allocation Failure) [PSYoungGen: 695999K->350K(697344K)] 766026K->70377K(2095616K), 0.0008120 secs] [Times: user=0.00 sys=0.00, real=0.00 secs] 
2017-05-07T20:22:43.805+0800: 59.286: [GC (Allocation Failure) [PSYoungGen: 696138K->106K(697856K)] 766165K->70141K(2096128K), 0.0016068 secs] [Times: user=0.01 sys=0.00, real=0.01 secs] 
2017-05-07T20:22:43.899+0800: 59.380: [GC (Allocation Failure) [PSYoungGen: 696938K->275K(697856K)] 766973K->70311K(2096128K), 0.0008762 secs] [Times: user=0.00 sys=0.00, real=0.00 secs] 
2017-05-07T20:22:43.998+0800: 59.479: [GC (Allocation Failure) [PSYoungGen: 697066K->106K(697856K)] 767101K->70141K(2096128K), 0.0008039 secs] [Times: user=0.00 sys=0.00, real=0.00 secs] 
2017-05-07T20:22:44.100+0800: 59.582: [GC (Allocation Failure) [PSYoungGen: 696938K->106K(697856K)] 766973K->70141K(2096128K), 0.0007753 secs] [Times: user=0.00 sys=0.00, real=0.00 secs] 
2017-05-07T20:22:44.196+0800: 59.678: [GC (Allocation Failure) [PSYoungGen: 696909K->307K(697856K)] 766944K->70351K(2096128K), 0.0009941 secs] [Times: user=0.00 sys=0.00, real=0.00 secs] 
2017-05-07T20:22:44.294+0800: 59.776: [GC (Allocation Failure) [PSYoungGen: 697139K->159K(697856K)] 767183K->70202K(2096128K), 0.0009453 secs] [Times: user=0.00 sys=0.00, real=0.00 secs] 
2017-05-07T20:22:44.390+0800: 59.871: [GC (Allocation Failure) [PSYoungGen: 696969K->191K(697856K)] 767012K->70234K(2096128K), 0.0009222 secs] [Times: user=0.00 sys=0.00, real=0.00 secs] 
2017-05-07T20:22:44.492+0800: 59.974: [GC (Allocation Failure) [PSYoungGen: 697023K->996K(697856K)] 767066K->74672K(2096128K), 0.0017478 secs] [Times: user=0.00 sys=0.00, real=0.01 secs] 
2017-05-07T20:22:44.586+0800: 60.067: [GC (Allocation Failure) [PSYoungGen: 697828K->233K(694784K)] 771504K->74635K(2093056K), 0.0014177 secs] [Times: user=0.00 sys=0.00, real=0.00 secs] 
2017-05-07T20:22:44.681+0800: 60.162: [GC (Allocation Failure) [PSYoungGen: 693958K->116K(696320K)] 768361K->74519K(2094592K), 0.0009819 secs] [Times: user=0.01 sys=0.00, real=0.00 secs] 
2017-05-07T20:22:44.776+0800: 60.258: [GC (Allocation Failure) [PSYoungGen: 693876K->201K(696320K)] 768279K->74603K(2094592K), 0.0014642 secs] [Times: user=0.00 sys=0.00, real=0.00 secs] 
2017-05-07T20:22:44.867+0800: 60.348: [GC (Allocation Failure) [PSYoungGen: 693961K->297K(696320K)] 768363K->74699K(2094592K), 0.0007226 secs] [Times: user=0.00 sys=0.00, real=0.00 secs] 
2017-05-07T20:22:44.959+0800: 60.440: [GC (Allocation Failure) [PSYoungGen: 694057K->191K(696832K)] 768459K->74601K(2095104K), 0.0009050 secs] [Times: user=0.00 sys=0.00, real=0.00 secs] 
2017-05-07T20:22:45.053+0800: 60.534: [GC (Allocation Failure) [PSYoungGen: 694975K->116K(696832K)] 769385K->74527K(2095104K), 0.0013615 secs] [Times: user=0.00 sys=0.00, real=0.01 secs] 
2017-05-07T20:22:45.169+0800: 60.650: [GC (Allocation Failure) [PSYoungGen: 694900K->116K(696832K)] 769311K->74527K(2095104K), 0.0050952 secs] [Times: user=0.01 sys=0.00, real=0.01 secs] 
2017-05-07T20:22:45.278+0800: 60.759: [GC (Allocation Failure) [PSYoungGen: 694900K->74K(696832K)] 769311K->74484K(2095104K), 0.0011009 secs] [Times: user=0.00 sys=0.00, real=0.00 secs] 
2017-05-07T20:22:45.386+0800: 60.868: [GC (Allocation Failure) [PSYoungGen: 694824K->116K(696832K)] 769235K->74527K(2095104K), 0.0014925 secs] [Times: user=0.00 sys=0.00, real=0.00 secs] 
2017-05-07T20:22:45.481+0800: 60.963: [GC (Allocation Failure) [PSYoungGen: 694859K->223K(696832K)] 769269K->74633K(2095104K), 0.0009173 secs] [Times: user=0.00 sys=0.00, real=0.00 secs] 
2017-05-07T20:22:45.578+0800: 61.059: [GC (Allocation Failure) [PSYoungGen: 695007K->116K(697344K)] 769417K->74527K(2095616K), 0.0011655 secs] [Times: user=0.00 sys=0.00, real=0.00 secs] 
2017-05-07T20:22:45.674+0800: 61.156: [GC (Allocation Failure) [PSYoungGen: 695889K->148K(697344K)] 770300K->74567K(2095616K), 0.0009173 secs] [Times: user=0.00 sys=0.00, real=0.00 secs] 
2017-05-07T20:22:45.767+0800: 61.248: [GC (Allocation Failure) [PSYoungGen: 695956K->116K(697344K)] 770375K->74535K(2095616K), 0.0008236 secs] [Times: user=0.00 sys=0.00, real=0.00 secs] 
2017-05-07T20:22:45.860+0800: 61.342: [GC (Allocation Failure) [PSYoungGen: 695882K->106K(697344K)] 770301K->74524K(2095616K), 0.0006512 secs] [Times: user=0.00 sys=0.00, real=0.00 secs] 
2017-05-07T20:22:45.958+0800: 61.439: [GC (Allocation Failure) [PSYoungGen: 695914K->233K(697344K)] 770332K->74651K(2095616K), 0.0007401 secs] [Times: user=0.00 sys=0.00, real=0.00 secs] 
2017-05-07T20:22:46.053+0800: 61.534: [GC (Allocation Failure) [PSYoungGen: 695981K->159K(697344K)] 770399K->74577K(2095616K), 0.0007488 secs] [Times: user=0.00 sys=0.00, real=0.01 secs] 
2017-05-07T20:22:46.148+0800: 61.629: [GC (Allocation Failure) [PSYoungGen: 695967K->74K(697856K)] 770385K->74492K(2096128K), 0.0010898 secs] [Times: user=0.00 sys=0.00, real=0.00 secs] 
2017-05-07T20:22:46.246+0800: 61.727: [GC (Allocation Failure) [PSYoungGen: 696394K->191K(697344K)] 770812K->74609K(2095616K), 0.0007765 secs] [Times: user=0.00 sys=0.00, real=0.00 secs] 
2017-05-07T20:22:46.342+0800: 61.823: [GC (Allocation Failure) [PSYoungGen: 696511K->243K(697856K)] 770929K->74662K(2096128K), 0.0009405 secs] [Times: user=0.00 sys=0.00, real=0.00 secs] 
2017-05-07T20:22:46.437+0800: 61.919: [GC (Allocation Failure) [PSYoungGen: 697070K->275K(697856K)] 771489K->74694K(2096128K), 0.0007934 secs] [Times: user=0.00 sys=0.00, real=0.00 secs] 
2017-05-07T20:22:46.534+0800: 62.015: [GC (Allocation Failure) [PSYoungGen: 697107K->74K(697856K)] 771526K->74492K(2096128K), 0.0013591 secs] [Times: user=0.00 sys=0.00, real=0.00 secs] 
2017-05-07T20:22:46.631+0800: 62.113: [GC (Allocation Failure) [PSYoungGen: 696906K->275K(697856K)] 771324K->74694K(2096128K), 0.0007140 secs] [Times: user=0.00 sys=0.00, real=0.00 secs] 
2017-05-07T20:22:46.727+0800: 62.208: [GC (Allocation Failure) [PSYoungGen: 697107K->275K(697856K)] 771526K->74694K(2096128K), 0.0008185 secs] [Times: user=0.00 sys=0.00, real=0.00 secs] 
2017-05-07T20:22:46.820+0800: 62.301: [GC (Allocation Failure) [PSYoungGen: 697107K->466K(697856K)] 771526K->74885K(2096128K), 0.0007418 secs] [Times: user=0.00 sys=0.00, real=0.00 secs] 
2017-05-07T20:22:46.922+0800: 62.403: [GC (Allocation Failure) [PSYoungGen: 697298K->1017K(694784K)] 771717K->78833K(2093056K), 0.0042555 secs] [Times: user=0.01 sys=0.01, real=0.01 secs] 
2017-05-07T20:22:47.021+0800: 62.503: [GC (Allocation Failure) [PSYoungGen: 694777K->265K(696320K)] 772593K->79035K(2094592K), 0.0036556 secs] [Times: user=0.01 sys=0.01, real=0.00 secs] 
2017-05-07T20:22:47.133+0800: 62.614: [GC (Allocation Failure) [PSYoungGen: 694012K->159K(696320K)] 772782K->78928K(2094592K), 0.0009874 secs] [Times: user=0.00 sys=0.00, real=0.01 secs] 
2017-05-07T20:22:47.241+0800: 62.723: [GC (Allocation Failure) [PSYoungGen: 693919K->106K(696320K)] 772688K->78875K(2094592K), 0.0011894 secs] [Times: user=0.00 sys=0.00, real=0.00 secs] 
2017-05-07T20:22:47.355+0800: 62.837: [GC (Allocation Failure) [PSYoungGen: 693866K->370K(696832K)] 772635K->79140K(2095104K), 0.0017339 secs] [Times: user=0.00 sys=0.00, real=0.00 secs] 
2017-05-07T20:22:47.479+0800: 62.960: [GC (Allocation Failure) [PSYoungGen: 695154K->243K(696832K)] 773924K->79013K(2095104K), 0.0017676 secs] [Times: user=0.00 sys=0.00, real=0.00 secs] 
2017-05-07T20:22:47.590+0800: 63.071: [GC (Allocation Failure) [PSYoungGen: 695027K->201K(696832K)] 773797K->78971K(2095104K), 0.0013384 secs] [Times: user=0.00 sys=0.00, real=0.00 secs] 
2017-05-07T20:22:47.694+0800: 63.175: [GC (Allocation Failure) [PSYoungGen: 694985K->201K(696832K)] 773755K->78971K(2095104K), 0.0016307 secs] [Times: user=0.01 sys=0.00, real=0.00 secs] 
2017-05-07T20:22:47.816+0800: 63.297: [GC (Allocation Failure) [PSYoungGen: 694929K->191K(696832K)] 773698K->78960K(2095104K), 0.0012613 secs] [Times: user=0.00 sys=0.00, real=0.00 secs] 
2017-05-07T20:22:47.922+0800: 63.403: [GC (Allocation Failure) [PSYoungGen: 694975K->265K(696832K)] 773744K->79035K(2095104K), 0.0020100 secs] [Times: user=0.00 sys=0.00, real=0.00 secs] 
2017-05-07T20:22:48.037+0800: 63.518: [GC (Allocation Failure) [PSYoungGen: 695049K->159K(697344K)] 773819K->78928K(2095616K), 0.0012086 secs] [Times: user=0.00 sys=0.00, real=0.00 secs] 
2017-05-07T20:22:48.141+0800: 63.623: [GC (Allocation Failure) [PSYoungGen: 695967K->413K(697344K)] 774736K->79182K(2095616K), 0.0011905 secs] [Times: user=0.01 sys=0.00, real=0.00 secs] 
2017-05-07T20:22:48.250+0800: 63.731: [GC (Allocation Failure) [PSYoungGen: 696221K->360K(697344K)] 774990K->79130K(2095616K), 0.0012532 secs] [Times: user=0.00 sys=0.00, real=0.00 secs] 
2017-05-07T20:22:48.362+0800: 63.843: [GC (Allocation Failure) [PSYoungGen: 696157K->116K(697344K)] 774927K->78886K(2095616K), 0.0020239 secs] [Times: user=0.00 sys=0.00, real=0.00 secs] 
2017-05-07T20:22:48.501+0800: 63.982: [GC (Allocation Failure) [PSYoungGen: 695924K->382K(697344K)] 774694K->79151K(2095616K), 0.0012669 secs] [Times: user=0.00 sys=0.00, real=0.00 secs] 
2017-05-07T20:22:48.646+0800: 64.127: [GC (Allocation Failure) [PSYoungGen: 696190K->201K(697344K)] 774959K->78971K(2095616K), 0.0017489 secs] [Times: user=0.00 sys=0.00, real=0.00 secs] 
2017-05-07T20:22:48.770+0800: 64.251: [GC (Allocation Failure) [PSYoungGen: 696009K->42K(697344K)] 774779K->78811K(2095616K), 0.0013279 secs] [Times: user=0.00 sys=0.00, real=0.00 secs] 
2017-05-07T20:22:48.878+0800: 64.359: [GC (Allocation Failure) [PSYoungGen: 695833K->148K(697344K)] 774602K->78918K(2095616K), 0.0010484 secs] [Times: user=0.00 sys=0.00, real=0.00 secs] 
2017-05-07T20:22:48.978+0800: 64.460: [GC (Allocation Failure) [PSYoungGen: 695956K->148K(697856K)] 774726K->78918K(2096128K), 0.0007609 secs] [Times: user=0.00 sys=0.00, real=0.00 secs] 
2017-05-07T20:22:49.074+0800: 64.556: [GC (Allocation Failure) [PSYoungGen: 696980K->106K(697856K)] 775750K->78875K(2096128K), 0.0008747 secs] [Times: user=0.00 sys=0.00, real=0.00 secs] 
2017-05-07T20:22:49.174+0800: 64.656: [GC (Allocation Failure) [PSYoungGen: 696938K->84K(697856K)] 775707K->78854K(2096128K), 0.0008293 secs] [Times: user=0.00 sys=0.00, real=0.00 secs] 
2017-05-07T20:22:49.269+0800: 64.750: [GC (Allocation Failure) [PSYoungGen: 696916K->233K(697856K)] 775686K->79003K(2096128K), 0.0013772 secs] [Times: user=0.00 sys=0.00, real=0.00 secs] 
2017-05-07T20:22:49.364+0800: 64.846: [GC (Allocation Failure) [PSYoungGen: 697065K->74K(697856K)] 775835K->78843K(2096128K), 0.0008092 secs] [Times: user=0.00 sys=0.00, real=0.00 secs] 
2017-05-07T20:22:49.461+0800: 64.943: [GC (Allocation Failure) [PSYoungGen: 696906K->74K(697856K)] 775675K->78843K(2096128K), 0.0007478 secs] [Times: user=0.00 sys=0.00, real=0.00 secs] 
2017-05-07T20:22:49.561+0800: 65.043: [GC (Allocation Failure) [PSYoungGen: 696906K->996K(694784K)] 775675K->83229K(2093056K), 0.0027116 secs] [Times: user=0.01 sys=0.00, real=0.00 secs] 
2017-05-07T20:22:49.665+0800: 65.146: [GC (Allocation Failure) [PSYoungGen: 694719K->159K(696320K)] 776953K->83245K(2094592K), 0.0012716 secs] [Times: user=0.01 sys=0.00, real=0.01 secs] 
2017-05-07T20:22:49.763+0800: 65.245: [GC (Allocation Failure) [PSYoungGen: 693911K->243K(696320K)] 776997K->83330K(2094592K), 0.0022555 secs] [Times: user=0.00 sys=0.00, real=0.00 secs] 
2017-05-07T20:22:49.874+0800: 65.355: [GC (Allocation Failure) [PSYoungGen: 693980K->116K(696320K)] 777066K->83203K(2094592K), 0.0019954 secs] [Times: user=0.00 sys=0.00, real=0.00 secs] 
2017-05-07T20:22:49.974+0800: 65.455: [GC (Allocation Failure) [PSYoungGen: 693862K->159K(696832K)] 776948K->83253K(2095104K), 0.0018946 secs] [Times: user=0.00 sys=0.00, real=0.01 secs] 
2017-05-07T20:22:50.106+0800: 65.587: [GC (Allocation Failure) [PSYoungGen: 694943K->243K(696832K)] 778037K->83338K(2095104K), 0.0028984 secs] [Times: user=0.00 sys=0.00, real=0.00 secs] 
2017-05-07T20:22:50.223+0800: 65.705: [GC (Allocation Failure) [PSYoungGen: 695027K->360K(696832K)] 778122K->83454K(2095104K), 0.0023452 secs] [Times: user=0.00 sys=0.00, real=0.00 secs] 
2017-05-07T20:22:50.325+0800: 65.806: [GC (Allocation Failure) [PSYoungGen: 695140K->159K(696832K)] 778235K->83253K(2095104K), 0.0011207 secs] [Times: user=0.00 sys=0.00, real=0.00 secs] 
2017-05-07T20:22:50.423+0800: 65.905: [GC (Allocation Failure) [PSYoungGen: 694943K->223K(697344K)] 778037K->83317K(2095616K), 0.0008123 secs] [Times: user=0.00 sys=0.00, real=0.00 secs] 
2017-05-07T20:22:50.523+0800: 66.005: [GC (Allocation Failure) [PSYoungGen: 695519K->159K(696832K)] 778613K->83253K(2095104K), 0.0008657 secs] [Times: user=0.00 sys=0.00, real=0.00 secs] 
2017-05-07T20:22:50.618+0800: 66.099: [GC (Allocation Failure) [PSYoungGen: 695455K->116K(697344K)] 778549K->83211K(2095616K), 0.0008221 secs] [Times: user=0.00 sys=0.00, real=0.00 secs] 
2017-05-07T20:22:50.712+0800: 66.193: [GC (Allocation Failure) [PSYoungGen: 695924K->201K(697344K)] 779019K->83295K(2095616K), 0.0015221 secs] [Times: user=0.00 sys=0.00, real=0.00 secs] 
2017-05-07T20:22:50.806+0800: 66.287: [GC (Allocation Failure) [PSYoungGen: 696009K->32K(697344K)] 779103K->83126K(2095616K), 0.0007185 secs] [Times: user=0.00 sys=0.00, real=0.01 secs] 
2017-05-07T20:22:50.900+0800: 66.382: [GC (Allocation Failure) [PSYoungGen: 695840K->148K(697344K)] 778934K->83242K(2095616K), 0.0007665 secs] [Times: user=0.00 sys=0.00, real=0.00 secs] 
2017-05-07T20:22:50.994+0800: 66.475: [GC (Allocation Failure) [PSYoungGen: 695956K->84K(697344K)] 779050K->83179K(2095616K), 0.0009443 secs] [Times: user=0.01 sys=0.00, real=0.00 secs] 
2017-05-07T20:22:51.089+0800: 66.571: [GC (Allocation Failure) [PSYoungGen: 695842K->84K(697344K)] 778937K->83179K(2095616K), 0.0009188 secs] [Times: user=0.00 sys=0.00, real=0.00 secs] 
2017-05-07T20:22:51.184+0800: 66.665: [GC (Allocation Failure) [PSYoungGen: 695892K->116K(697856K)] 778987K->83211K(2096128K), 0.0006933 secs] [Times: user=0.01 sys=0.00, real=0.00 secs] 
2017-05-07T20:22:51.279+0800: 66.761: [GC (Allocation Failure) [PSYoungGen: 696436K->201K(697344K)] 779531K->83295K(2095616K), 0.0014346 secs] [Times: user=0.00 sys=0.00, real=0.00 secs] 
2017-05-07T20:22:51.373+0800: 66.855: [GC (Allocation Failure) [PSYoungGen: 696487K->180K(697856K)] 779581K->83275K(2096128K), 0.0007285 secs] [Times: user=0.00 sys=0.00, real=0.01 secs] 
2017-05-07T20:22:51.466+0800: 66.947: [GC (Allocation Failure) [PSYoungGen: 697012K->116K(697856K)] 780107K->83210K(2096128K), 0.0008396 secs] [Times: user=0.00 sys=0.00, real=0.01 secs] 
2017-05-07T20:22:51.559+0800: 67.040: [GC (Allocation Failure) [PSYoungGen: 696922K->74K(697856K)] 780017K->83168K(2096128K), 0.0007805 secs] [Times: user=0.00 sys=0.00, real=0.00 secs] 
2017-05-07T20:22:51.654+0800: 67.136: [GC (Allocation Failure) [PSYoungGen: 696906K->318K(697856K)] 780000K->83412K(2096128K), 0.0008824 secs] [Times: user=0.00 sys=0.00, real=0.00 secs] 
2017-05-07T20:22:51.749+0800: 67.230: [GC (Allocation Failure) [PSYoungGen: 697149K->32K(697856K)] 780243K->83126K(2096128K), 0.0007686 secs] [Times: user=0.00 sys=0.00, real=0.00 secs] 
2017-05-07T20:22:51.844+0800: 67.326: [GC (Allocation Failure) [PSYoungGen: 696864K->275K(697856K)] 779958K->83370K(2096128K), 0.0009099 secs] [Times: user=0.00 sys=0.00, real=0.00 secs] 
2017-05-07T20:22:51.937+0800: 67.418: [GC (Allocation Failure) [PSYoungGen: 697106K->191K(697856K)] 780200K->83285K(2096128K), 0.0007988 secs] [Times: user=0.00 sys=0.00, real=0.00 secs] 
2017-05-07T20:22:52.036+0800: 67.518: [GC (Allocation Failure) [PSYoungGen: 697023K->996K(697856K)] 780117K->87495K(2096128K), 0.0028687 secs] [Times: user=0.00 sys=0.01, real=0.00 secs] 
2017-05-07T20:22:52.135+0800: 67.616: [GC (Allocation Failure) [PSYoungGen: 697795K->402K(694784K)] 784294K->87797K(2093056K), 0.0018473 secs] [Times: user=0.01 sys=0.00, real=0.00 secs] 
2017-05-07T20:22:52.235+0800: 67.716: [GC (Allocation Failure) [PSYoungGen: 694162K->286K(696320K)] 781557K->87681K(2094592K), 0.0016818 secs] [Times: user=0.00 sys=0.00, real=0.00 secs] 
2017-05-07T20:22:52.334+0800: 67.815: [GC (Allocation Failure) [PSYoungGen: 693973K->243K(696832K)] 781368K->87638K(2095104K), 0.0009779 secs] [Times: user=0.00 sys=0.00, real=0.00 secs] 
2017-05-07T20:22:52.426+0800: 67.907: [GC (Allocation Failure) [PSYoungGen: 695027K->360K(696832K)] 782422K->87755K(2095104K), 0.0010031 secs] [Times: user=0.01 sys=0.00, real=0.00 secs] 
2017-05-07T20:22:52.520+0800: 68.001: [GC (Allocation Failure) [PSYoungGen: 695144K->275K(696832K)] 782539K->87670K(2095104K), 0.0008713 secs] [Times: user=0.01 sys=0.00, real=0.00 secs] 
2017-05-07T20:22:52.611+0800: 68.093: [GC (Allocation Failure) [PSYoungGen: 695059K->180K(696832K)] 782454K->87575K(2095104K), 0.0007613 secs] [Times: user=0.00 sys=0.00, real=0.00 secs] 
2017-05-07T20:22:52.703+0800: 68.184: [GC (Allocation Failure) [PSYoungGen: 694964K->434K(697344K)] 782359K->87829K(2095616K), 0.0011860 secs] [Times: user=0.00 sys=0.00, real=0.00 secs] 
2017-05-07T20:22:52.794+0800: 68.275: [GC (Allocation Failure) [PSYoungGen: 695730K->148K(696832K)] 783125K->87543K(2095104K), 0.0009860 secs] [Times: user=0.00 sys=0.00, real=0.01 secs] 
2017-05-07T20:22:52.881+0800: 68.362: [GC (Allocation Failure) [PSYoungGen: 695444K->402K(697344K)] 782839K->87797K(2095616K), 0.0009696 secs] [Times: user=0.00 sys=0.00, real=0.00 secs] 
2017-05-07T20:22:52.972+0800: 68.454: [GC (Allocation Failure) [PSYoungGen: 696210K->32K(697344K)] 783605K->87426K(2095616K), 0.0007888 secs] [Times: user=0.00 sys=0.00, real=0.00 secs] 
2017-05-07T20:22:53.060+0800: 68.541: [GC (Allocation Failure) [PSYoungGen: 695840K->477K(697344K)] 783234K->87872K(2095616K), 0.0007612 secs] [Times: user=0.01 sys=0.00, real=0.00 secs] 
2017-05-07T20:22:53.146+0800: 68.628: [GC (Allocation Failure) [PSYoungGen: 696246K->191K(697344K)] 783641K->87586K(2095616K), 0.0010042 secs] [Times: user=0.00 sys=0.00, real=0.00 secs] 
2017-05-07T20:22:53.242+0800: 68.723: [GC (Allocation Failure) [PSYoungGen: 695986K->360K(697344K)] 783381K->87755K(2095616K), 0.0009972 secs] [Times: user=0.01 sys=0.00, real=0.00 secs] 
2017-05-07T20:22:53.333+0800: 68.815: [GC (Allocation Failure) [PSYoungGen: 696168K->116K(697344K)] 783563K->87511K(2095616K), 0.0008946 secs] [Times: user=0.00 sys=0.00, real=0.01 secs] 
2017-05-07T20:22:53.430+0800: 68.911: [GC (Allocation Failure) [PSYoungGen: 695924K->159K(697344K)] 783319K->87554K(2095616K), 0.0011296 secs] [Times: user=0.00 sys=0.00, real=0.00 secs] 
2017-05-07T20:22:53.525+0800: 69.007: [GC (Allocation Failure) [PSYoungGen: 695925K->96K(697344K)] 783320K->87490K(2095616K), 0.0007800 secs] [Times: user=0.00 sys=0.00, real=0.01 secs] 
2017-05-07T20:22:53.618+0800: 69.099: [GC (Allocation Failure) [PSYoungGen: 695904K->201K(697856K)] 783298K->87596K(2096128K), 0.0015364 secs] [Times: user=0.01 sys=0.00, real=0.00 secs] 
2017-05-07T20:22:53.712+0800: 69.194: [GC (Allocation Failure) [PSYoungGen: 696521K->116K(697344K)] 783916K->87511K(2095616K), 0.0007077 secs] [Times: user=0.00 sys=0.00, real=0.00 secs] 
2017-05-07T20:22:53.809+0800: 69.291: [GC (Allocation Failure) [PSYoungGen: 696400K->350K(697856K)] 783795K->87745K(2096128K), 0.0008078 secs] [Times: user=0.00 sys=0.00, real=0.00 secs] 
2017-05-07T20:22:53.904+0800: 69.385: [GC (Allocation Failure) [PSYoungGen: 697182K->116K(697856K)] 784577K->87511K(2096128K), 0.0008722 secs] [Times: user=0.00 sys=0.00, real=0.00 secs] 
2017-05-07T20:22:54.000+0800: 69.481: [GC (Allocation Failure) [PSYoungGen: 696941K->201K(697856K)] 784336K->87596K(2096128K), 0.0014724 secs] [Times: user=0.00 sys=0.00, real=0.00 secs] 
2017-05-07T20:22:54.096+0800: 69.577: [GC (Allocation Failure) [PSYoungGen: 697033K->318K(697856K)] 784428K->87713K(2096128K), 0.0008296 secs] [Times: user=0.00 sys=0.00, real=0.00 secs] 
2017-05-07T20:22:54.197+0800: 69.678: [GC (Allocation Failure) [PSYoungGen: 697150K->307K(697856K)] 784545K->87702K(2096128K), 0.0007506 secs] [Times: user=0.00 sys=0.00, real=0.00 secs] 
2017-05-07T20:22:54.293+0800: 69.775: [GC (Allocation Failure) [PSYoungGen: 697130K->275K(697856K)] 784525K->87670K(2096128K), 0.0007998 secs] [Times: user=0.00 sys=0.00, real=0.01 secs] 
2017-05-07T20:22:54.392+0800: 69.874: [GC (Allocation Failure) [PSYoungGen: 697107K->1017K(694784K)] 784502K->91894K(2093056K), 0.0024254 secs] [Times: user=0.00 sys=0.01, real=0.01 secs] 
2017-05-07T20:22:54.494+0800: 69.975: [GC (Allocation Failure) [PSYoungGen: 694777K->74K(696320K)] 785654K->91762K(2094592K), 0.0016998 secs] [Times: user=0.00 sys=0.00, real=0.01 secs] 
2017-05-07T20:22:54.604+0800: 70.085: [GC (Allocation Failure) [PSYoungGen: 693834K->243K(696320K)] 785522K->91931K(2094592K), 0.0011942 secs] [Times: user=0.00 sys=0.00, real=0.00 secs] 
2017-05-07T20:22:54.706+0800: 70.187: [GC (Allocation Failure) [PSYoungGen: 694003K->275K(696320K)] 785691K->91963K(2094592K), 0.0009275 secs] [Times: user=0.01 sys=0.00, real=0.00 secs] 
2017-05-07T20:22:54.800+0800: 70.282: [GC (Allocation Failure) [PSYoungGen: 694035K->275K(696832K)] 785723K->91963K(2095104K), 0.0008782 secs] [Times: user=0.00 sys=0.00, real=0.00 secs] 
2017-05-07T20:22:54.898+0800: 70.379: [GC (Allocation Failure) [PSYoungGen: 695059K->74K(696832K)] 786747K->91762K(2095104K), 0.0014292 secs] [Times: user=0.00 sys=0.00, real=0.00 secs] 
2017-05-07T20:22:54.996+0800: 70.478: [GC (Allocation Failure) [PSYoungGen: 694858K->201K(696832K)] 786546K->91889K(2095104K), 0.0010008 secs] [Times: user=0.00 sys=0.00, real=0.00 secs] 
2017-05-07T20:22:55.095+0800: 70.577: [GC (Allocation Failure) [PSYoungGen: 694985K->74K(696832K)] 786673K->91762K(2095104K), 0.0017254 secs] [Times: user=0.00 sys=0.00, real=0.00 secs] 
2017-05-07T20:22:55.196+0800: 70.677: [GC (Allocation Failure) [PSYoungGen: 694858K->116K(696832K)] 786546K->91804K(2095104K), 0.0009325 secs] [Times: user=0.00 sys=0.00, real=0.00 secs] 
2017-05-07T20:22:55.291+0800: 70.773: [GC (Allocation Failure) [PSYoungGen: 694900K->191K(696832K)] 786588K->91878K(2095104K), 0.0008186 secs] [Times: user=0.01 sys=0.00, real=0.00 secs] 
2017-05-07T20:22:55.386+0800: 70.867: [GC (Allocation Failure) [PSYoungGen: 694975K->445K(697344K)] 786662K->92132K(2095616K), 0.0013414 secs] [Times: user=0.00 sys=0.00, real=0.00 secs] 
2017-05-07T20:22:55.479+0800: 70.961: [GC (Allocation Failure) [PSYoungGen: 696253K->148K(697344K)] 787940K->91836K(2095616K), 0.0008201 secs] [Times: user=0.00 sys=0.00, real=0.00 secs] 
2017-05-07T20:22:55.573+0800: 71.055: [GC (Allocation Failure) [PSYoungGen: 695956K->191K(697344K)] 787644K->91878K(2095616K), 0.0010086 secs] [Times: user=0.00 sys=0.00, real=0.01 secs] 
2017-05-07T20:22:55.670+0800: 71.151: [GC (Allocation Failure) [PSYoungGen: 695999K->509K(697344K)] 787686K->92196K(2095616K), 0.0008320 secs] [Times: user=0.00 sys=0.00, real=0.00 secs] 
2017-05-07T20:22:55.763+0800: 71.244: [GC (Allocation Failure) [PSYoungGen: 696317K->360K(697344K)] 788004K->92048K(2095616K), 0.0011221 secs] [Times: user=0.00 sys=0.00, real=0.00 secs] 
2017-05-07T20:22:55.858+0800: 71.339: [GC (Allocation Failure) [PSYoungGen: 696168K->32K(697344K)] 787856K->91719K(2095616K), 0.0007287 secs] [Times: user=0.00 sys=0.00, real=0.00 secs] 
2017-05-07T20:22:55.953+0800: 71.434: [GC (Allocation Failure) [PSYoungGen: 695835K->148K(697344K)] 787523K->91836K(2095616K), 0.0008682 secs] [Times: user=0.00 sys=0.00, real=0.01 secs] 
2017-05-07T20:22:56.050+0800: 71.531: [GC (Allocation Failure) [PSYoungGen: 695956K->275K(697344K)] 787644K->91963K(2095616K), 0.0008130 secs] [Times: user=0.00 sys=0.00, real=0.00 secs] 
2017-05-07T20:22:56.146+0800: 71.628: [GC (Allocation Failure) [PSYoungGen: 696083K->74K(697856K)] 787771K->91762K(2096128K), 0.0013031 secs] [Times: user=0.00 sys=0.00, real=0.00 secs] 
2017-05-07T20:22:56.243+0800: 71.724: [GC (Allocation Failure) [PSYoungGen: 696906K->42K(697856K)] 788594K->91730K(2096128K), 0.0009233 secs] [Times: user=0.00 sys=0.00, real=0.00 secs] 
2017-05-07T20:22:56.336+0800: 71.817: [GC (Allocation Failure) [PSYoungGen: 696835K->74K(697856K)] 788523K->91762K(2096128K), 0.0015524 secs] [Times: user=0.00 sys=0.00, real=0.00 secs] 
2017-05-07T20:22:56.430+0800: 71.912: [GC (Allocation Failure) [PSYoungGen: 696906K->159K(697856K)] 788594K->91846K(2096128K), 0.0008401 secs] [Times: user=0.00 sys=0.00, real=0.00 secs] 
2017-05-07T20:22:56.526+0800: 72.007: [GC (Allocation Failure) [PSYoungGen: 696965K->646K(697856K)] 788653K->92334K(2096128K), 0.0010216 secs] [Times: user=0.01 sys=0.00, real=0.00 secs] 
2017-05-07T20:22:56.621+0800: 72.103: [GC (Allocation Failure) [PSYoungGen: 697478K->275K(697856K)] 789166K->91963K(2096128K), 0.0009880 secs] [Times: user=0.00 sys=0.00, real=0.00 secs] 
Heap
 PSYoungGen      total 697856K, used 650147K [0x00000000d5580000, 0x0000000100000000, 0x0000000100000000)
  eden space 696832K, 93% used [0x00000000d5580000,0x00000000fd023fd8,0x00000000ffe00000)
  from space 1024K, 26% used [0x00000000ffe00000,0x00000000ffe44f58,0x00000000fff00000)
  to   space 1024K, 0% used [0x00000000fff00000,0x00000000fff00000,0x0000000100000000)
 ParOldGen       total 1398272K, used 91687K [0x0000000080000000, 0x00000000d5580000, 0x00000000d5580000)
  object space 1398272K, 6% used [0x0000000080000000,0x0000000085989ed8,0x00000000d5580000)
 Metaspace       used 3516K, capacity 4564K, committed 4864K, reserved 1056768K
  class space    used 386K, capacity 388K, committed 512K, reserved 1048576K
